TN:test
SF:/Users/nightpro/C2_s21_stringplus-0/src/tests/atoi_test.c
FN:3,atoii_test_p_fn
FNDA:1,atoii_test_p_fn
FN:10,atoii_test_n_fn
FNDA:1,atoii_test_n_fn
FN:17,atol_test_p_fn
FNDA:1,atol_test_p_fn
FN:24,atol_test_n_fn
FNDA:1,atol_test_n_fn
FN:31,atoll_test_p_fn
FNDA:1,atoll_test_p_fn
FN:38,atoll_test_n_fn
FNDA:1,atoll_test_n_fn
FN:45,atos_test_p_fn
FNDA:1,atos_test_p_fn
FN:52,atos_test_n_fn
FNDA:1,atos_test_n_fn
FN:59,atof_test_p_fn
FNDA:1,atof_test_p_fn
FN:66,atof_test_n_fn
FNDA:1,atof_test_n_fn
FN:73,atod_test_p_fn
FNDA:1,atod_test_p_fn
FN:80,atod_test_n_fn
FNDA:1,atod_test_n_fn
FN:87,atohex_test_p_fn
FNDA:1,atohex_test_p_fn
FN:94,atohex_test_n_fn
FNDA:1,atohex_test_n_fn
FN:101,ato8_test_p_fn
FNDA:1,ato8_test_p_fn
FN:108,ato8_test_n_fn
FNDA:1,ato8_test_n_fn
FN:115,atoE_test_p_fn
FNDA:1,atoE_test_p_fn
FN:122,atoE_test_n_fn
FNDA:1,atoE_test_n_fn
FN:129,suite_atoi
FNDA:1,suite_atoi
FNF:19
FNH:19
DA:3,1
DA:4,1
DA:5,1
DA:6,1
DA:7,1
DA:10,1
DA:11,1
DA:12,1
DA:13,1
DA:14,1
DA:17,1
DA:18,1
DA:19,1
DA:20,1
DA:21,1
DA:24,1
DA:25,1
DA:26,1
DA:27,1
DA:28,1
DA:31,1
DA:32,1
DA:33,1
DA:34,1
DA:35,1
DA:38,1
DA:39,1
DA:40,1
DA:41,1
DA:42,1
DA:45,1
DA:46,1
DA:47,1
DA:48,1
DA:49,1
DA:52,1
DA:53,1
DA:54,1
DA:55,1
DA:56,1
DA:59,1
DA:60,1
DA:61,1
DA:62,1
DA:63,1
DA:66,1
DA:67,1
DA:68,1
DA:69,1
DA:70,1
DA:73,1
DA:74,1
DA:75,1
DA:76,1
DA:77,1
DA:80,1
DA:81,1
DA:82,1
DA:83,1
DA:84,1
DA:87,1
DA:88,1
DA:89,1
DA:90,1
DA:91,1
DA:94,1
DA:95,1
DA:96,1
DA:97,1
DA:98,1
DA:101,1
DA:102,1
DA:103,1
DA:104,1
DA:105,1
DA:108,1
DA:109,1
DA:110,1
DA:111,1
DA:112,1
DA:115,1
DA:116,1
DA:117,1
DA:118,1
DA:119,1
DA:122,1
DA:123,1
DA:124,1
DA:125,1
DA:126,1
DA:129,1
DA:130,1
DA:131,1
DA:133,1
DA:134,1
DA:135,1
DA:136,1
DA:137,1
DA:138,1
DA:139,1
DA:140,1
DA:141,1
DA:142,1
DA:143,1
DA:144,1
DA:145,1
DA:146,1
DA:147,1
DA:148,1
DA:149,1
DA:150,1
DA:152,1
DA:153,1
LF:113
LH:113
end_of_record
TN:test
SF:/Users/nightpro/C2_s21_stringplus-0/src/tests/insert_test.c
FN:3,insert1_fn
FNDA:1,insert1_fn
FN:12,insert2_fn
FNDA:1,insert2_fn
FN:21,insert3_fn
FNDA:1,insert3_fn
FN:30,insert_test1_fn
FNDA:1,insert_test1_fn
FN:41,insert_test2_fn
FNDA:1,insert_test2_fn
FN:52,insert_test3_fn
FNDA:1,insert_test3_fn
FN:63,insert_test4_fn
FNDA:1,insert_test4_fn
FN:74,insert_test5_fn
FNDA:1,insert_test5_fn
FN:85,insert_str_null_fn
FNDA:1,insert_str_null_fn
FN:96,suite_insert
FNDA:1,suite_insert
FNF:10
FNH:10
DA:3,1
DA:4,1
DA:6,1
DA:7,1
DA:8,1
DA:9,1
DA:12,1
DA:13,1
DA:15,1
DA:16,1
DA:17,1
DA:18,1
DA:21,1
DA:22,1
DA:24,1
DA:25,1
DA:26,1
DA:27,1
DA:30,1
DA:31,1
DA:32,1
DA:33,1
DA:34,1
DA:35,1
DA:36,1
DA:37,1
DA:38,1
DA:41,1
DA:42,1
DA:43,1
DA:44,1
DA:45,1
DA:46,1
DA:47,1
DA:48,1
DA:49,1
DA:52,1
DA:53,1
DA:54,1
DA:55,1
DA:56,1
DA:57,1
DA:58,1
DA:59,1
DA:60,1
DA:63,1
DA:64,1
DA:65,1
DA:66,1
DA:67,1
DA:68,1
DA:69,1
DA:70,1
DA:71,1
DA:74,1
DA:75,1
DA:76,1
DA:77,1
DA:78,1
DA:79,1
DA:80,1
DA:81,1
DA:82,1
DA:85,1
DA:86,1
DA:87,1
DA:88,1
DA:89,1
DA:90,1
DA:91,1
DA:92,0
DA:93,0
DA:96,1
DA:97,1
DA:98,1
DA:99,1
DA:100,1
DA:101,1
DA:102,1
DA:103,1
DA:104,1
DA:105,1
DA:106,1
DA:107,1
DA:109,1
DA:110,1
LF:86
LH:84
end_of_record
TN:test
SF:/Users/nightpro/C2_s21_stringplus-0/src/tests/main.c
FN:2,main
FNDA:1,main
FN:8,run_testcase
FNDA:27,run_testcase
FN:22,run_tests
FNDA:1,run_tests
FNF:3
FNH:3
DA:2,1
DA:3,1
DA:5,1
DA:8,27
DA:10,27
DA:11,27
DA:12,27
DA:14,27
DA:16,27
DA:17,27
DA:19,27
DA:20,27
DA:22,1
DA:23,27
DA:24,1
DA:25,1
DA:26,1
DA:27,1
DA:28,1
DA:29,1
DA:30,1
DA:31,28
DA:32,27
DA:33,27
DA:35,1
LF:25
LH:25
end_of_record
TN:test
SF:/Users/nightpro/C2_s21_stringplus-0/src/tests/memchr_test.c
FN:3,memchr_1_fn
FNDA:1,memchr_1_fn
FN:9,memchr_2_fn
FNDA:1,memchr_2_fn
FN:15,memchr_3_fn
FNDA:1,memchr_3_fn
FN:21,memchr_empty_str_fn
FNDA:1,memchr_empty_str_fn
FN:30,memchr_find_zero_in_string_fn
FNDA:1,memchr_find_zero_in_string_fn
FN:39,memchr_find_simbol_in_string_in_start_fn
FNDA:1,memchr_find_simbol_in_string_in_start_fn
FN:48,memchr_find_simbol_in_string_in_end_fn
FNDA:1,memchr_find_simbol_in_string_in_end_fn
FN:57,memchr_find_num_in_string_in_mid_fn
FNDA:1,memchr_find_num_in_string_in_mid_fn
FN:66,memchr_find_num_in_array_num_fn
FNDA:1,memchr_find_num_in_array_num_fn
FN:75,memchr_find_float_in_array_fn
FNDA:1,memchr_find_float_in_array_fn
FN:84,memchr_easy_test_string_fn
FNDA:1,memchr_easy_test_string_fn
FN:93,suite_memchr
FNDA:1,suite_memchr
FNF:12
FNH:12
DA:3,1
DA:4,1
DA:5,1
DA:6,1
DA:9,1
DA:10,1
DA:11,1
DA:12,1
DA:15,1
DA:16,1
DA:17,1
DA:18,1
DA:21,1
DA:22,1
DA:23,1
DA:24,1
DA:25,1
DA:27,1
DA:30,1
DA:31,1
DA:32,1
DA:33,1
DA:34,1
DA:36,1
DA:39,1
DA:40,1
DA:41,1
DA:42,1
DA:43,1
DA:45,1
DA:48,1
DA:49,1
DA:50,1
DA:51,1
DA:52,1
DA:54,1
DA:57,1
DA:58,1
DA:59,1
DA:60,1
DA:61,1
DA:63,1
DA:66,1
DA:67,1
DA:68,1
DA:69,1
DA:70,1
DA:72,1
DA:75,1
DA:76,1
DA:77,1
DA:78,1
DA:79,1
DA:81,1
DA:84,1
DA:85,1
DA:86,1
DA:87,1
DA:88,1
DA:90,1
DA:93,1
DA:94,1
DA:95,1
DA:96,1
DA:97,1
DA:98,1
DA:99,1
DA:100,1
DA:101,1
DA:102,1
DA:103,1
DA:104,1
DA:105,1
DA:106,1
DA:107,1
DA:108,1
LF:76
LH:76
end_of_record
TN:test
SF:/Users/nightpro/C2_s21_stringplus-0/src/tests/memcmp_test.c
FN:3,memcmp_1_fn
FNDA:1,memcmp_1_fn
FN:12,memcmp_2_fn
FNDA:1,memcmp_2_fn
FN:21,memcmp_3_fn
FNDA:1,memcmp_3_fn
FN:30,memcmp_zero_byte_fn
FNDA:1,memcmp_zero_byte_fn
FN:38,memcmp_first_byte_in_string_fn
FNDA:1,memcmp_first_byte_in_string_fn
FN:46,memcmp_register_test_fn
FNDA:1,memcmp_register_test_fn
FN:54,memcmp_zero_byte_in_num_fn
FNDA:1,memcmp_zero_byte_in_num_fn
FN:62,memcmp_first_byte_in_num_fn
FNDA:1,memcmp_first_byte_in_num_fn
FN:70,memcmp_two_byte_in_num_fn
FNDA:1,memcmp_two_byte_in_num_fn
FN:78,memcmp_two_byte_long_two_num_fn
FNDA:1,memcmp_two_byte_long_two_num_fn
FN:86,memcmp_two_byte_long_first_num_fn
FNDA:1,memcmp_two_byte_long_first_num_fn
FN:94,memcmp_eq_long_string_fn
FNDA:1,memcmp_eq_long_string_fn
FN:104,memcmp_not_eq_long_string_fn
FNDA:1,memcmp_not_eq_long_string_fn
FN:114,suite_memcmp
FNDA:1,suite_memcmp
FNF:14
FNH:14
DA:3,1
DA:4,1
DA:5,1
DA:6,1
DA:7,1
DA:9,1
DA:12,1
DA:13,1
DA:14,1
DA:15,1
DA:16,1
DA:18,1
DA:21,1
DA:22,1
DA:23,1
DA:24,1
DA:25,1
DA:27,1
DA:30,1
DA:31,1
DA:32,1
DA:33,1
DA:34,1
DA:35,1
DA:38,1
DA:39,1
DA:40,1
DA:41,1
DA:42,1
DA:43,1
DA:46,1
DA:47,1
DA:48,1
DA:49,1
DA:50,1
DA:51,1
DA:54,1
DA:55,1
DA:56,1
DA:57,1
DA:58,1
DA:59,1
DA:62,1
DA:63,1
DA:64,1
DA:65,1
DA:66,1
DA:67,1
DA:70,1
DA:71,1
DA:72,1
DA:73,1
DA:74,1
DA:75,1
DA:78,1
DA:79,1
DA:80,1
DA:81,1
DA:82,1
DA:83,1
DA:86,1
DA:87,1
DA:88,1
DA:89,1
DA:90,1
DA:91,1
DA:94,1
DA:95,1
DA:97,1
DA:99,1
DA:100,1
DA:101,1
DA:104,1
DA:105,1
DA:107,1
DA:109,1
DA:110,1
DA:111,1
DA:114,1
DA:115,1
DA:116,1
DA:117,1
DA:118,1
DA:119,1
DA:120,1
DA:121,1
DA:122,1
DA:123,1
DA:124,1
DA:125,1
DA:126,1
DA:127,1
DA:128,1
DA:129,1
DA:131,1
DA:133,1
LF:96
LH:96
end_of_record
TN:test
SF:/Users/nightpro/C2_s21_stringplus-0/src/tests/memcpy_test.c
FN:3,memcpy_1_fn
FNDA:1,memcpy_1_fn
FN:12,memcpy_2_fn
FNDA:1,memcpy_2_fn
FN:21,memcpy_3_fn
FNDA:1,memcpy_3_fn
FN:30,memcpy_4_fn
FNDA:1,memcpy_4_fn
FN:38,memcpy_hate_test_fn
FNDA:1,memcpy_hate_test_fn
FN:49,memcpy_zero_test_string_fn
FNDA:1,memcpy_zero_test_string_fn
FN:60,memcpy_any_empty_fn
FNDA:1,memcpy_any_empty_fn
FN:71,memcpy_zero_test_string_with_register_fn
FNDA:1,memcpy_zero_test_string_with_register_fn
FN:82,memcpy_zero_test_num_fn
FNDA:1,memcpy_zero_test_num_fn
FN:93,memcpy_one_byte_string_fn
FNDA:1,memcpy_one_byte_string_fn
FN:104,memcpy_one_byte_string_with_register_fn
FNDA:1,memcpy_one_byte_string_with_register_fn
FN:115,memcpy_one_byte_num_fn
FNDA:1,memcpy_one_byte_num_fn
FN:126,memcpy_basic_long_string_fn
FNDA:1,memcpy_basic_long_string_fn
FN:137,memcpy_long_string_with_register_fn
FNDA:1,memcpy_long_string_with_register_fn
FN:148,memcpy_long_string_with_register_and_num_fn
FNDA:1,memcpy_long_string_with_register_and_num_fn
FN:159,memcpy_long_string_with_register_and_num_and_simbol_fn
FNDA:1,memcpy_long_string_with_register_and_num_and_simbol_fn
FN:171,suite_memcpy
FNDA:1,suite_memcpy
FNF:17
FNH:17
DA:3,1
DA:4,1
DA:5,1
DA:6,1
DA:7,1
DA:8,1
DA:9,1
DA:12,1
DA:13,1
DA:14,1
DA:15,1
DA:16,1
DA:17,1
DA:18,1
DA:21,1
DA:22,1
DA:23,1
DA:24,1
DA:25,1
DA:26,1
DA:27,1
DA:30,1
DA:31,1
DA:32,1
DA:33,1
DA:34,1
DA:35,1
DA:38,1
DA:39,1
DA:40,1
DA:41,1
DA:42,1
DA:43,1
DA:44,1
DA:45,13
DA:46,1
DA:49,1
DA:50,1
DA:51,1
DA:52,1
DA:53,1
DA:54,1
DA:55,1
DA:56,1
DA:57,1
DA:60,1
DA:61,1
DA:62,1
DA:63,1
DA:64,1
DA:65,1
DA:66,1
DA:67,1
DA:68,1
DA:71,1
DA:72,1
DA:73,1
DA:74,1
DA:75,1
DA:76,1
DA:77,1
DA:78,1
DA:79,1
DA:82,1
DA:83,1
DA:84,1
DA:85,1
DA:86,1
DA:87,1
DA:88,1
DA:89,2
DA:90,1
DA:93,1
DA:94,1
DA:95,1
DA:96,1
DA:97,1
DA:98,1
DA:99,1
DA:100,2
DA:101,1
DA:104,1
DA:105,1
DA:106,1
DA:107,1
DA:108,1
DA:109,1
DA:110,1
DA:111,2
DA:112,1
DA:115,1
DA:116,1
DA:117,1
DA:118,1
DA:119,1
DA:120,1
DA:121,1
DA:122,2
DA:123,1
DA:126,1
DA:127,1
DA:128,1
DA:129,1
DA:130,1
DA:131,1
DA:132,1
DA:133,29
DA:134,1
DA:137,1
DA:138,1
DA:139,1
DA:140,1
DA:141,1
DA:142,1
DA:143,1
DA:144,37
DA:145,1
DA:148,1
DA:149,1
DA:150,1
DA:151,1
DA:152,1
DA:153,1
DA:154,1
DA:155,54
DA:156,1
DA:159,1
DA:160,1
DA:162,1
DA:163,1
DA:164,1
DA:165,1
DA:166,1
DA:167,65
DA:168,1
DA:171,1
DA:172,1
DA:173,1
DA:174,1
DA:175,1
DA:176,1
DA:177,1
DA:178,1
DA:179,1
DA:180,1
DA:181,1
DA:182,1
DA:183,1
DA:184,1
DA:185,1
DA:186,1
DA:187,1
DA:188,1
DA:189,1
DA:190,1
DA:192,1
DA:194,1
LF:157
LH:157
end_of_record
TN:test
SF:/Users/nightpro/C2_s21_stringplus-0/src/tests/memmove_test.c
FN:3,memmove_1_fn
FNDA:1,memmove_1_fn
FN:11,memmove_2_fn
FNDA:1,memmove_2_fn
FN:19,memmove_3_fn
FNDA:1,memmove_3_fn
FN:27,memmove_4_fn
FNDA:1,memmove_4_fn
FN:35,memmove_empty_dest_and_src_fn
FNDA:1,memmove_empty_dest_and_src_fn
FN:48,memmove_empty_dest_fn
FNDA:1,memmove_empty_dest_fn
FN:61,memmove_empty_src_fn
FNDA:1,memmove_empty_src_fn
FN:74,memmove_write_in_left_fn
FNDA:1,memmove_write_in_left_fn
FN:87,memmove_write_in_right_fn
FNDA:1,memmove_write_in_right_fn
FN:100,memmove_write_in_mid_fn
FNDA:1,memmove_write_in_mid_fn
FN:113,memmove_overlap_write_in_left_fn
FNDA:1,memmove_overlap_write_in_left_fn
FN:126,memmove_overlap_write_in_right_fn
FNDA:1,memmove_overlap_write_in_right_fn
FN:139,memmove_overlap_write_in_mid_fn
FNDA:1,memmove_overlap_write_in_mid_fn
FN:152,memmove_zero_test_string_fn
FNDA:1,memmove_zero_test_string_fn
FN:163,memmove_any_empty_fn
FNDA:1,memmove_any_empty_fn
FN:174,memmove_zero_test_string_with_register_fn
FNDA:1,memmove_zero_test_string_with_register_fn
FN:185,memmove_zero_test_num_fn
FNDA:1,memmove_zero_test_num_fn
FN:196,memmove_one_byte_string_fn
FNDA:1,memmove_one_byte_string_fn
FN:207,memmove_one_byte_string_with_register_fn
FNDA:1,memmove_one_byte_string_with_register_fn
FN:218,memmove_one_byte_num_fn
FNDA:1,memmove_one_byte_num_fn
FN:229,memmove_basic_long_string_fn
FNDA:1,memmove_basic_long_string_fn
FN:240,memmove_long_string_with_register_fn
FNDA:1,memmove_long_string_with_register_fn
FN:251,memmove_long_string_with_register_and_num_fn
FNDA:1,memmove_long_string_with_register_and_num_fn
FN:262,memmove_long_string_with_register_and_num_and_simbol_fn
FNDA:1,memmove_long_string_with_register_and_num_and_simbol_fn
FN:274,memmove_ints_fn
FNDA:1,memmove_ints_fn
FN:285,memmove_floats_fn
FNDA:1,memmove_floats_fn
FN:296,memmove_long_doubels_fn
FNDA:1,memmove_long_doubels_fn
FN:307,suite_memmove
FNDA:1,suite_memmove
FNF:28
FNH:28
DA:3,1
DA:4,1
DA:5,1
DA:6,1
DA:7,1
DA:8,1
DA:11,1
DA:12,1
DA:13,1
DA:14,1
DA:15,1
DA:16,1
DA:19,1
DA:20,1
DA:21,1
DA:22,1
DA:23,1
DA:24,1
DA:27,1
DA:28,1
DA:29,1
DA:30,1
DA:31,1
DA:32,1
DA:35,1
DA:36,1
DA:37,1
DA:38,1
DA:39,1
DA:40,1
DA:41,1
DA:42,1
DA:43,1
DA:44,1
DA:45,1
DA:48,1
DA:49,1
DA:50,1
DA:51,1
DA:52,1
DA:53,1
DA:54,1
DA:55,1
DA:56,1
DA:57,11
DA:58,1
DA:61,1
DA:62,1
DA:63,1
DA:64,1
DA:65,1
DA:66,1
DA:67,1
DA:68,1
DA:69,1
DA:70,14
DA:71,1
DA:74,1
DA:75,1
DA:76,1
DA:77,1
DA:78,1
DA:79,1
DA:80,1
DA:81,1
DA:82,1
DA:83,18
DA:84,1
DA:87,1
DA:88,1
DA:89,1
DA:90,1
DA:91,1
DA:92,1
DA:93,1
DA:94,1
DA:95,1
DA:96,18
DA:97,1
DA:100,1
DA:101,1
DA:102,1
DA:103,1
DA:104,1
DA:105,1
DA:106,1
DA:107,1
DA:108,1
DA:109,18
DA:110,1
DA:113,1
DA:114,1
DA:115,1
DA:116,1
DA:117,1
DA:118,1
DA:119,1
DA:120,1
DA:121,1
DA:122,35
DA:123,1
DA:126,1
DA:127,1
DA:128,1
DA:129,1
DA:130,1
DA:131,1
DA:132,1
DA:133,1
DA:134,1
DA:135,35
DA:136,1
DA:139,1
DA:140,1
DA:141,1
DA:142,1
DA:143,1
DA:144,1
DA:145,1
DA:146,1
DA:147,1
DA:148,35
DA:149,1
DA:152,1
DA:153,1
DA:154,1
DA:155,1
DA:156,1
DA:157,1
DA:158,1
DA:159,1
DA:160,1
DA:163,1
DA:164,1
DA:165,1
DA:166,1
DA:167,1
DA:168,1
DA:169,1
DA:170,1
DA:171,1
DA:174,1
DA:175,1
DA:176,1
DA:177,1
DA:178,1
DA:179,1
DA:180,1
DA:181,1
DA:182,1
DA:185,1
DA:186,1
DA:187,1
DA:188,1
DA:189,1
DA:190,1
DA:191,1
DA:192,2
DA:193,1
DA:196,1
DA:197,1
DA:198,1
DA:199,1
DA:200,1
DA:201,1
DA:202,1
DA:203,2
DA:204,1
DA:207,1
DA:208,1
DA:209,1
DA:210,1
DA:211,1
DA:212,1
DA:213,1
DA:214,2
DA:215,1
DA:218,1
DA:219,1
DA:220,1
DA:221,1
DA:222,1
DA:223,1
DA:224,1
DA:225,2
DA:226,1
DA:229,1
DA:230,1
DA:231,1
DA:232,1
DA:233,1
DA:234,1
DA:235,1
DA:236,29
DA:237,1
DA:240,1
DA:241,1
DA:242,1
DA:243,1
DA:244,1
DA:245,1
DA:246,1
DA:247,37
DA:248,1
DA:251,1
DA:252,1
DA:253,1
DA:254,1
DA:255,1
DA:256,1
DA:257,1
DA:258,54
DA:259,1
DA:262,1
DA:263,1
DA:265,1
DA:266,1
DA:267,1
DA:268,1
DA:269,1
DA:270,65
DA:271,1
DA:274,1
DA:275,1
DA:276,1
DA:277,1
DA:278,1
DA:279,1
DA:280,1
DA:281,5
DA:282,1
DA:285,1
DA:286,1
DA:287,1
DA:288,1
DA:289,1
DA:290,1
DA:291,1
DA:292,9
DA:293,1
DA:296,1
DA:297,1
DA:298,1
DA:299,1
DA:300,1
DA:301,1
DA:302,1
DA:303,17
DA:304,1
DA:307,1
DA:308,1
DA:309,1
DA:310,1
DA:311,1
DA:312,1
DA:313,1
DA:314,1
DA:315,1
DA:316,1
DA:317,1
DA:318,1
DA:319,1
DA:320,1
DA:321,1
DA:322,1
DA:323,1
DA:324,1
DA:325,1
DA:326,1
DA:327,1
DA:328,1
DA:329,1
DA:330,1
DA:331,1
DA:332,1
DA:333,1
DA:334,1
DA:335,1
DA:336,1
DA:338,1
DA:339,1
LF:281
LH:281
end_of_record
TN:test
SF:/Users/nightpro/C2_s21_stringplus-0/src/tests/memset_test.c
FN:3,memset_1_fn
FNDA:1,memset_1_fn
FN:12,memset_2_fn
FNDA:1,memset_2_fn
FN:21,memset_3_fn
FNDA:1,memset_3_fn
FN:30,memset_aboba_test_fn
FNDA:1,memset_aboba_test_fn
FN:41,memset_zero_byte_fn
FNDA:1,memset_zero_byte_fn
FN:52,memset_empty_fn
FNDA:1,memset_empty_fn
FN:63,memset_replace_on_register_sim_fn
FNDA:1,memset_replace_on_register_sim_fn
FN:74,memset_replace_on_register_num_fn
FNDA:1,memset_replace_on_register_num_fn
FN:85,memset_long_string_fn
FNDA:1,memset_long_string_fn
FN:100,suite_memset
FNDA:1,suite_memset
FNF:10
FNH:10
DA:3,1
DA:4,1
DA:5,1
DA:6,1
DA:7,1
DA:8,1
DA:9,1
DA:12,1
DA:13,1
DA:14,1
DA:15,1
DA:16,1
DA:17,1
DA:18,1
DA:21,1
DA:22,1
DA:23,1
DA:24,1
DA:25,1
DA:26,1
DA:27,1
DA:30,1
DA:31,1
DA:32,1
DA:33,1
DA:34,1
DA:35,1
DA:36,1
DA:37,1
DA:38,1
DA:41,1
DA:42,1
DA:43,1
DA:44,1
DA:45,1
DA:46,1
DA:47,1
DA:48,1
DA:49,1
DA:52,1
DA:53,1
DA:54,1
DA:55,1
DA:56,1
DA:57,1
DA:58,1
DA:59,1
DA:60,1
DA:63,1
DA:64,1
DA:65,1
DA:66,1
DA:67,1
DA:68,1
DA:69,1
DA:70,1
DA:71,1
DA:74,1
DA:75,1
DA:76,1
DA:77,1
DA:78,1
DA:79,1
DA:80,1
DA:81,1
DA:82,1
DA:85,1
DA:86,1
DA:89,1
DA:92,1
DA:93,1
DA:94,1
DA:95,1
DA:96,1
DA:97,1
DA:100,1
DA:101,1
DA:102,1
DA:103,1
DA:104,1
DA:105,1
DA:106,1
DA:107,1
DA:108,1
DA:109,1
DA:110,1
DA:111,1
DA:112,1
DA:113,1
LF:89
LH:89
end_of_record
TN:test
SF:/Users/nightpro/C2_s21_stringplus-0/src/s21_atoi.c
FN:5,s21_atoii
FNDA:63,s21_atoii
FN:23,s21_atol
FNDA:68,s21_atol
FN:42,s21_atoll
FNDA:2,s21_atoll
FN:64,s21_atos
FNDA:14,s21_atos
FN:83,s21_atof
FNDA:2,s21_atof
FN:116,s21_atod
FNDA:2,s21_atod
FN:147,s21_atold
FNDA:0,s21_atold
FN:177,s21_atohex
FNDA:26,s21_atohex
FN:219,s21_ato8
FNDA:16,s21_ato8
FN:241,s21_atoE
FNDA:21,s21_atoE
FN:297,s21_usigned_atohex
FNDA:32,s21_usigned_atohex
FN:333,s21_unsigned_ato8
FNDA:0,s21_unsigned_ato8
FNF:12
FNH:10
DA:5,63
DA:6,63
DA:7,63
DA:8,63
DA:9,3
DA:10,3
DA:11,60
DA:12,0
DA:13,0
DA:15,158
DA:16,95
DA:17,95
DA:19,63
DA:20,63
DA:23,68
DA:24,68
DA:25,68
DA:27,68
DA:28,9
DA:29,9
DA:30,59
DA:31,2
DA:32,2
DA:34,276
DA:35,208
DA:36,208
DA:38,68
DA:39,68
DA:42,2
DA:43,2
DA:44,2
DA:49,2
DA:50,1
DA:51,1
DA:52,1
DA:53,0
DA:54,0
DA:56,36
DA:57,34
DA:58,34
DA:60,2
DA:61,2
DA:64,14
DA:65,14
DA:66,14
DA:67,14
DA:68,5
DA:69,5
DA:70,9
DA:71,4
DA:72,4
DA:74,62
DA:75,48
DA:76,48
DA:78,14
DA:80,14
DA:83,2
DA:84,2
DA:85,2
DA:86,2
DA:87,2
DA:88,2
DA:89,1
DA:90,1
DA:91,1
DA:92,0
DA:94,12
DA:95,12
DA:96,2
DA:97,2
DA:100,10
DA:101,10
DA:104,4
DA:105,2
DA:106,2
DA:107,2
DA:108,2
DA:112,2
DA:113,2
DA:116,2
DA:117,2
DA:118,2
DA:119,2
DA:120,2
DA:121,2
DA:122,1
DA:123,1
DA:124,1
DA:125,0
DA:127,12
DA:128,12
DA:129,2
DA:130,2
DA:133,10
DA:134,10
DA:136,7
DA:137,5
DA:138,5
DA:139,5
DA:140,5
DA:143,2
DA:144,2
DA:147,0
DA:148,0
DA:149,0
DA:150,0
DA:151,0
DA:152,0
DA:153,0
DA:154,0
DA:155,0
DA:156,0
DA:158,0
DA:159,0
DA:160,0
DA:161,0
DA:163,0
DA:164,0
DA:166,0
DA:167,0
DA:168,0
DA:169,0
DA:170,0
DA:173,0
DA:174,0
DA:177,26
DA:178,26
DA:179,26
DA:180,26
DA:181,26
DA:182,26
DA:183,3
DA:184,3
DA:185,23
DA:186,0
DA:188,26
DA:189,7
DA:191,26
DA:192,87
DA:193,61
DA:194,61
DA:196,61
DA:197,61
DA:198,4
DA:199,57
DA:200,4
DA:201,53
DA:202,2
DA:203,51
DA:204,2
DA:205,49
DA:206,2
DA:207,47
DA:208,34
DA:210,13
DA:212,61
DA:213,61
DA:215,26
DA:216,26
DA:219,16
DA:220,16
DA:221,16
DA:222,16
DA:223,16
DA:224,16
DA:225,2
DA:226,2
DA:227,14
DA:228,0
DA:230,16
DA:231,76
DA:232,60
DA:233,60
DA:234,60
DA:235,60
DA:237,16
DA:238,16
DA:241,21
DA:242,21
DA:243,21
DA:244,21
DA:245,21
DA:246,21
DA:247,21
DA:248,21
DA:249,21
DA:250,6
DA:251,6
DA:252,15
DA:253,3
DA:255,71
DA:256,67
DA:257,17
DA:258,17
DA:260,50
DA:261,50
DA:263,83
DA:264,65
DA:266,62
DA:268,3
DA:269,3
DA:271,59
DA:272,59
DA:273,59
DA:274,59
DA:277,21
DA:278,2
DA:279,2
DA:281,21
DA:282,1
DA:284,24
DA:286,3
DA:287,3
DA:289,21
DA:292,21
DA:293,21
DA:294,21
DA:297,32
DA:298,32
DA:299,32
DA:300,32
DA:301,32
DA:302,32
DA:303,26
DA:305,32
DA:306,161
DA:307,129
DA:308,129
DA:310,129
DA:311,129
DA:312,23
DA:313,106
DA:314,13
DA:315,93
DA:316,7
DA:317,86
DA:318,1
DA:319,85
DA:320,1
DA:321,84
DA:322,33
DA:324,51
DA:326,129
DA:327,129
DA:329,32
DA:330,32
DA:333,0
DA:334,0
DA:335,0
DA:336,0
DA:337,0
DA:338,0
DA:339,0
DA:340,0
DA:341,0
DA:342,0
DA:343,0
DA:345,0
DA:346,0
LF:259
LH:215
end_of_record
TN:test
SF:/Users/nightpro/C2_s21_stringplus-0/src/s21_insert.c
FN:3,s21_insert
FNDA:9,s21_insert
FNF:1
FNH:1
DA:3,9
DA:4,9
DA:6,9
DA:8,5
DA:9,5
DA:10,5
DA:11,5
DA:12,23
DA:13,18
DA:15,29
DA:16,24
DA:18,40
DA:19,35
DA:23,9
LF:14
LH:14
end_of_record
TN:test
SF:/Users/nightpro/C2_s21_stringplus-0/src/s21_memchr.c
FN:3,s21_memchr
FNDA:11,s21_memchr
FNF:1
FNH:1
DA:3,11
DA:4,11
DA:5,11
DA:6,11
DA:7,92
DA:8,81
DA:9,7
DA:10,7
DA:12,81
DA:13,81
DA:15,11
LF:11
LH:11
end_of_record
TN:test
SF:/Users/nightpro/C2_s21_stringplus-0/src/s21_memcmp.c
FN:3,s21_memcmp
FNDA:13,s21_memcmp
FNF:1
FNH:1
DA:3,13
DA:4,13
DA:5,13
DA:6,13
DA:7,171
DA:8,158
DA:9,6
DA:10,6
DA:13,13
LF:9
LH:9
end_of_record
TN:test
SF:/Users/nightpro/C2_s21_stringplus-0/src/s21_memcpy.c
FN:3,s21_memcpy
FNDA:16,s21_memcpy
FNF:1
FNH:1
DA:3,16
DA:4,16
DA:5,16
DA:6,16
DA:7,236
DA:8,220
DA:11,16
LF:7
LH:7
end_of_record
TN:test
SF:/Users/nightpro/C2_s21_stringplus-0/src/s21_memmove.c
FN:3,s21_memmove
FNDA:49,s21_memmove
FNF:1
FNH:1
DA:3,49
DA:4,49
DA:5,49
DA:6,49
DA:7,496
DA:8,447
DA:10,496
DA:11,447
DA:13,49
LF:9
LH:9
end_of_record
TN:test
SF:/Users/nightpro/C2_s21_stringplus-0/src/s21_memset.c
FN:3,s21_memset
FNDA:73,s21_memset
FNF:1
FNH:1
DA:3,73
DA:4,73
DA:5,73
DA:6,1109
DA:7,1036
DA:10,73
LF:6
LH:6
end_of_record
TN:test
SF:/Users/nightpro/C2_s21_stringplus-0/src/s21_sprintf.c
FN:37,s21_sprintf
FNDA:198,s21_sprintf
FN:60,parse_Format
FNDA:346,parse_Format
FN:70,parseFlags
FNDA:346,parseFlags
FN:95,parse_Width
FNDA:346,parse_Width
FN:109,parsePrecision
FNDA:346,parsePrecision
FN:127,parse_Length
FNDA:346,parse_Length
FN:145,specifier
FNDA:346,specifier
FN:190,charSpecifier
FNDA:27,charSpecifier
FN:210,widthCharSpecifier
FNDA:0,widthCharSpecifier
FN:229,stringSpecifier
FNDA:22,stringSpecifier
FN:251,widthStringSpecifier
FNDA:0,widthStringSpecifier
FN:275,integerSpecifier
FNDA:47,integerSpecifier
FN:290,numsCount
FNDA:18,numsCount
FN:305,integerToString
FNDA:61,integerToString
FN:327,unsignedToString
FNDA:146,unsignedToString
FN:344,formatPrecision
FNDA:207,formatPrecision
FN:388,formatFlags
FNDA:290,formatFlags
FN:413,unsignedSpecifier
FNDA:26,unsignedSpecifier
FN:427,floatSpecifier
FNDA:33,floatSpecifier
FN:443,doubleToString
FNDA:83,doubleToString
FN:496,digitToAscii
FNDA:1045,digitToAscii
FN:498,asciiToDigit
FNDA:0,asciiToDigit
FN:500,exponentSpecifier
FNDA:32,exponentSpecifier
FN:533,putExponentToString
FNDA:32,putExponentToString
FN:543,toUpper
FNDA:55,toUpper
FN:551,octalSpecifier
FNDA:14,octalSpecifier
FN:559,hexSpecifier
FNDA:115,hexSpecifier
FN:583,insertDecimalOx
FNDA:37,insertDecimalOx
FN:598,pointerSpecifier
FNDA:5,pointerSpecifier
FN:605,gSpecifier
FNDA:18,gSpecifier
FN:650,deleteZeroesFromEnd
FNDA:18,deleteZeroesFromEnd
FNF:31
FNH:28
DA:37,198
DA:40,198
DA:41,198
DA:42,691
DA:43,493
DA:44,493
DA:45,147
DA:47,346
DA:48,346
DA:49,346
DA:50,346
DA:51,2
DA:52,2
DA:56,198
DA:57,198
DA:60,346
DA:61,346
DA:62,346
DA:63,346
DA:64,346
DA:65,346
DA:66,346
DA:67,346
DA:70,346
DA:71,470
DA:72,363
DA:73,124
DA:74,39
DA:75,39
DA:76,39
DA:77,13
DA:78,13
DA:79,13
DA:80,18
DA:81,18
DA:82,18
DA:83,37
DA:84,37
DA:85,37
DA:86,17
DA:87,17
DA:88,17
DA:90,124
DA:92,346
DA:95,346
DA:96,346
DA:97,19
DA:98,19
DA:99,327
DA:100,110
DA:101,264
DA:102,154
DA:104,110
DA:106,346
DA:109,346
DA:110,346
DA:111,94
DA:112,94
DA:113,94
DA:114,10
DA:115,10
DA:116,84
DA:117,73
DA:118,166
DA:119,93
DA:121,73
DA:124,346
DA:127,346
DA:128,346
DA:129,19
DA:130,19
DA:131,19
DA:132,19
DA:133,32
DA:134,32
DA:135,32
DA:136,32
DA:137,27
DA:138,27
DA:139,27
DA:140,27
DA:142,346
DA:145,346
DA:146,346
DA:147,346
DA:148,47
DA:149,299
DA:150,26
DA:151,273
DA:152,14
DA:153,259
DA:154,33
DA:155,226
DA:156,5
DA:157,221
DA:158,32
DA:159,189
DA:160,18
DA:161,171
DA:162,115
DA:163,56
DA:164,22
DA:165,0
DA:167,22
DA:169,34
DA:170,27
DA:171,0
DA:173,27
DA:176,7
DA:178,346
DA:179,298
DA:180,55
DA:183,3994
DA:184,3648
DA:186,346
DA:187,346
DA:190,27
DA:191,27
DA:192,27
DA:193,6
DA:194,36
DA:195,30
DA:197,21
DA:198,52
DA:199,46
DA:200,6
DA:202,40
DA:206,15
DA:208,27
DA:210,0
DA:211,0
DA:212,0
DA:213,0
DA:214,0
DA:215,0
DA:217,0
DA:218,0
DA:219,0
DA:220,0
DA:221,0
DA:223,0
DA:225,0
DA:227,0
DA:229,22
DA:230,22
DA:231,22
DA:232,22
DA:233,22
DA:234,4
DA:237,22
DA:238,22
DA:240,22
DA:241,2
DA:242,2
DA:243,20
DA:244,4
DA:245,4
DA:247,16
DA:249,22
DA:251,0
DA:252,0
DA:253,0
DA:254,0
DA:255,0
DA:256,0
DA:257,0
DA:258,0
DA:261,0
DA:262,0
DA:264,0
DA:265,0
DA:266,0
DA:267,0
DA:268,0
DA:269,0
DA:271,0
DA:273,0
DA:275,47
DA:276,47
DA:278,47
DA:279,31
DA:280,16
DA:281,6
DA:284,47
DA:285,47
DA:286,47
DA:287,47
DA:290,18
DA:292,18
DA:293,18
DA:294,15
DA:296,12
DA:297,9
DA:298,9
DA:301,18
DA:305,61
DA:306,61
DA:307,61
DA:308,61
DA:309,61
DA:310,61
DA:311,7
DA:313,321
DA:314,260
DA:315,260
DA:316,260
DA:318,61
DA:319,8
DA:321,61
DA:322,329
DA:323,268
DA:325,61
DA:327,146
DA:328,146
DA:329,146
DA:330,146
DA:331,25
DA:333,873
DA:334,727
DA:335,727
DA:336,727
DA:338,146
DA:339,873
DA:340,727
DA:342,146
DA:344,207
DA:345,207
DA:346,207
DA:347,207
DA:348,207
DA:349,8
DA:350,8
DA:351,8
DA:354,207
DA:369,301
DA:370,282
DA:372,95
DA:373,76
DA:375,19
DA:378,180
DA:379,160
DA:380,387
DA:382,207
DA:383,11
DA:384,1
DA:386,207
DA:388,290
DA:389,290
DA:390,290
DA:391,9
DA:392,9
DA:393,9
DA:394,281
DA:395,8
DA:396,8
DA:397,8
DA:398,8
DA:400,290
DA:401,58
DA:402,58
DA:403,15
DA:404,15
DA:406,43
DA:407,43
DA:409,58
DA:411,290
DA:413,26
DA:414,26
DA:416,26
DA:417,16
DA:418,10
DA:419,4
DA:422,26
DA:423,26
DA:424,26
DA:425,26
DA:427,33
DA:429,33
DA:430,13
DA:432,20
DA:435,33
DA:436,18
DA:439,33
DA:440,33
DA:441,33
DA:443,83
DA:444,83
DA:445,83
DA:446,83
DA:447,83
DA:448,83
DA:449,83
DA:450,219
DA:451,210
DA:452,74
DA:454,136
DA:455,136
DA:456,136
DA:458,83
DA:459,8
DA:461,83
DA:462,83
DA:463,227
DA:464,144
DA:466,83
DA:467,26
DA:469,83
DA:470,83
DA:471,83
DA:472,83
DA:473,523
DA:474,440
DA:475,440
DA:477,83
DA:478,83
DA:479,58
DA:480,38
DA:483,63
DA:484,468
DA:485,405
DA:487,465
DA:488,402
DA:491,83
DA:492,16
DA:494,83
DA:496,1045
DA:498,0
DA:500,32
DA:502,32
DA:503,11
DA:505,21
DA:508,32
DA:509,32
DA:511,32
DA:512,57
DA:513,33
DA:514,33
DA:517,8
DA:519,94
DA:520,62
DA:521,62
DA:524,32
DA:525,21
DA:528,32
DA:529,32
DA:530,32
DA:531,32
DA:533,32
DA:534,32
DA:535,32
DA:536,32
DA:537,32
DA:538,32
DA:539,32
DA:540,32
DA:541,32
DA:543,55
DA:544,707
DA:545,652
DA:546,125
DA:549,55
DA:551,14
DA:552,14
DA:553,14
DA:554,14
DA:555,14
DA:556,14
DA:557,14
DA:559,115
DA:560,115
DA:562,115
DA:563,102
DA:564,13
DA:565,7
DA:575,115
DA:576,115
DA:577,115
DA:578,32
DA:580,115
DA:581,115
DA:583,37
DA:584,37
DA:585,171
DA:586,153
DA:587,19
DA:588,19
DA:591,37
DA:592,22
DA:593,22
DA:594,22
DA:596,37
DA:598,5
DA:599,5
DA:600,5
DA:601,5
DA:602,5
DA:603,5
DA:605,18
DA:607,18
DA:608,3
DA:610,15
DA:613,18
DA:614,11
DA:616,18
DA:617,3
DA:620,18
DA:621,18
DA:622,0
DA:623,0
DA:624,0
DA:625,0
DA:626,0
DA:627,0
DA:630,0
DA:632,0
DA:633,0
DA:634,0
DA:636,0
DA:637,0
DA:638,0
DA:640,18
DA:641,18
DA:644,18
DA:645,18
DA:647,18
DA:648,18
DA:650,18
DA:651,18
DA:652,18
DA:653,125
DA:654,107
DA:656,18
DA:657,45
DA:658,42
DA:659,27
DA:661,15
DA:664,18
DA:665,3
DA:667,18
LF:439
LH:391
end_of_record
TN:test
SF:/Users/nightpro/C2_s21_stringplus-0/src/s21_sscanf.c
FN:50,checkString
FNDA:130,checkString
FN:63,s21_sscanf
FNDA:130,s21_sscanf
FN:97,checkSign
FNDA:170,checkSign
FN:116,parseString
FNDA:364,parseString
FN:302,isFloat
FNDA:157,isFloat
FN:341,isDigit
FNDA:613,isDigit
FN:343,isHex
FNDA:322,isHex
FN:349,isOct
FNDA:76,isOct
FN:351,isAscii
FNDA:80,isAscii
FN:353,isSeporator
FNDA:1155,isSeporator
FN:357,isSign
FNDA:167,isSign
FN:359,assignHex
FNDA:2,assignHex
FN:370,assignHexUnsigned
FNDA:22,assignHexUnsigned
FN:381,assignOct
FNDA:2,assignOct
FN:392,assignOctUnsigned
FNDA:12,assignOctUnsigned
FN:403,assignIntUnsigned
FNDA:11,assignIntUnsigned
FN:414,assignInt
FNDA:82,assignInt
FN:425,assignVoid
FNDA:32,assignVoid
FN:432,assignN
FNDA:5,assignN
FN:443,assignFloat
FNDA:19,assignFloat
FN:454,assignChar
FNDA:59,assignChar
FN:459,assignString
FNDA:37,assignString
FN:464,parseFormat
FNDA:364,parseFormat
FN:470,parseWidth
FNDA:364,parseWidth
FN:487,parseLength
FNDA:364,parseLength
FN:506,parseSpecifier
FNDA:364,parseSpecifier
FNF:26
FNH:26
DA:50,130
DA:51,130
DA:53,268
DA:54,262
DA:55,124
DA:56,124
DA:60,130
DA:63,130
DA:64,130
DA:65,130
DA:66,130
DA:68,130
DA:70,124
DA:71,124
DA:72,124
DA:73,634
DA:74,541
DA:75,364
DA:76,364
DA:77,364
DA:78,394
DA:79,364
DA:80,364
DA:81,364
DA:82,364
DA:83,334
DA:84,177
DA:85,176
DA:86,176
DA:91,124
DA:94,130
DA:97,170
DA:98,170
DA:99,170
DA:100,28
DA:101,2
DA:102,2
DA:103,2
DA:104,25
DA:105,25
DA:106,25
DA:107,1
DA:108,1
DA:109,1
DA:111,142
DA:112,170
DA:113,170
DA:116,364
DA:118,364
DA:119,364
DA:120,364
DA:121,364
DA:122,364
DA:123,364
DA:125,620
DA:126,386
DA:127,256
DA:129,364
DA:130,357
DA:131,72
DA:132,267
DA:133,201
DA:134,195
DA:135,195
DA:136,195
DA:137,195
DA:139,72
DA:140,8
DA:141,64
DA:142,61
DA:143,72
DA:144,16
DA:145,60
DA:146,44
DA:147,44
DA:148,44
DA:149,44
DA:150,44
DA:152,16
DA:153,5
DA:154,11
DA:155,11
DA:156,16
DA:157,80
DA:158,80
DA:159,80
DA:160,80
DA:161,80
DA:162,80
DA:164,0
DA:166,45
DA:167,288
DA:168,243
DA:169,243
DA:170,243
DA:171,243
DA:173,45
DA:174,0
DA:175,45
DA:176,37
DA:177,45
DA:178,25
DA:179,25
DA:180,4
DA:181,4
DA:182,2
DA:183,11
DA:184,11
DA:185,7
DA:186,7
DA:187,7
DA:188,7
DA:189,7
DA:191,2
DA:192,0
DA:193,2
DA:194,2
DA:196,12
DA:197,10
DA:198,10
DA:199,10
DA:200,10
DA:201,10
DA:203,2
DA:204,0
DA:205,2
DA:206,2
DA:209,83
DA:210,62
DA:211,62
DA:212,62
DA:213,62
DA:214,62
DA:216,21
DA:217,0
DA:218,21
DA:219,21
DA:221,25
DA:223,15
DA:224,63
DA:225,49
DA:226,48
DA:227,48
DA:228,48
DA:229,48
DA:231,15
DA:232,2
DA:233,13
DA:234,12
DA:235,15
DA:237,28
DA:239,125
DA:240,28
DA:241,71
DA:242,69
DA:243,69
DA:244,69
DA:245,69
DA:247,28
DA:248,4
DA:249,24
DA:250,22
DA:251,28
DA:253,22
DA:258,157
DA:259,135
DA:260,135
DA:261,135
DA:262,135
DA:263,135
DA:265,22
DA:266,2
DA:267,20
DA:268,19
DA:269,22
DA:271,5
DA:272,5
DA:273,5
DA:274,5
DA:276,33
DA:277,214
DA:278,181
DA:279,181
DA:280,181
DA:281,181
DA:283,33
DA:284,1
DA:285,32
DA:286,32
DA:287,33
DA:289,16
DA:290,16
DA:291,15
DA:292,15
DA:294,16
DA:295,16
DA:297,357
DA:298,7
DA:300,364
DA:302,157
DA:303,157
DA:304,157
DA:305,103
DA:306,54
DA:307,10
DA:308,8
DA:309,46
DA:310,0
DA:311,46
DA:312,1
DA:313,3
DA:314,43
DA:315,0
DA:316,0
DA:317,43
DA:318,3
DA:319,40
DA:320,18
DA:322,22
DA:324,157
DA:341,613
DA:343,322
DA:344,322
DA:345,205
DA:346,644
DA:349,76
DA:351,80
DA:353,1155
DA:354,1155
DA:357,167
DA:359,2
DA:360,2
DA:361,2
DA:362,0
DA:363,2
DA:364,2
DA:366,0
DA:368,2
DA:370,22
DA:371,22
DA:372,22
DA:373,2
DA:374,20
DA:375,3
DA:377,17
DA:379,22
DA:381,2
DA:382,2
DA:383,2
DA:384,0
DA:385,2
DA:386,2
DA:388,0
DA:390,2
DA:392,12
DA:393,12
DA:394,12
DA:395,1
DA:396,11
DA:397,2
DA:399,9
DA:401,12
DA:403,11
DA:404,11
DA:405,11
DA:406,8
DA:407,3
DA:408,3
DA:410,0
DA:412,11
DA:414,82
DA:415,82
DA:416,82
DA:417,4
DA:418,78
DA:419,63
DA:421,15
DA:423,82
DA:425,32
DA:426,32
DA:427,32
DA:429,32
DA:430,32
DA:432,5
DA:434,5
DA:435,0
DA:436,5
DA:437,0
DA:439,5
DA:441,5
DA:443,19
DA:444,19
DA:445,19
DA:446,3
DA:447,16
DA:448,9
DA:450,7
DA:452,19
DA:454,59
DA:455,59
DA:456,59
DA:457,59
DA:459,37
DA:460,37
DA:461,37
DA:462,37
DA:464,364
DA:465,364
DA:466,364
DA:467,364
DA:468,364
DA:470,364
DA:472,364
DA:473,453
DA:474,89
DA:475,36
DA:476,53
DA:477,53
DA:478,53
DA:480,89
DA:482,364
DA:483,364
DA:484,364
DA:487,364
DA:488,364
DA:489,19
DA:490,19
DA:491,19
DA:492,19
DA:493,94
DA:494,94
DA:495,94
DA:496,94
DA:497,94
DA:498,9
DA:499,9
DA:500,9
DA:501,9
DA:503,364
DA:506,364
DA:507,364
DA:508,364
DA:509,2367
DA:510,2367
DA:511,364
DA:512,364
DA:513,364
DA:516,364
DA:518,364
LF:349
LH:334
end_of_record
TN:test
SF:/Users/nightpro/C2_s21_stringplus-0/src/s21_strcat.c
FN:3,s21_strcat
FNDA:9,s21_strcat
FNF:1
FNH:1
DA:3,9
DA:4,9
DA:5,232
DA:6,223
DA:8,9
LF:5
LH:5
end_of_record
TN:test
SF:/Users/nightpro/C2_s21_stringplus-0/src/s21_strchr.c
FN:3,s21_strchr
FNDA:9,s21_strchr
FNF:1
FNH:1
DA:3,9
DA:4,9
DA:5,9
DA:6,9
DA:7,114
DA:8,105
DA:9,6
DA:10,6
DA:13,9
LF:9
LH:9
end_of_record
TN:test
SF:/Users/nightpro/C2_s21_stringplus-0/src/s21_strcmp.c
FN:3,s21_strcmp
FNDA:12,s21_strcmp
FNF:1
FNH:1
DA:3,12
DA:4,12
DA:5,12
DA:6,12
DA:7,65
DA:8,53
DA:9,6
DA:10,6
DA:13,12
LF:9
LH:9
end_of_record
TN:test
SF:/Users/nightpro/C2_s21_stringplus-0/src/s21_strcpy.c
FN:3,s21_strcpy
FNDA:398,s21_strcpy
FNF:1
FNH:1
DA:3,398
DA:5,398
DA:6,6037
DA:7,398
DA:8,398
LF:5
LH:5
end_of_record
TN:test
SF:/Users/nightpro/C2_s21_stringplus-0/src/s21_strcspn.c
FN:3,s21_strcspn
FNDA:18,s21_strcspn
FNF:1
FNH:1
DA:3,18
DA:4,18
DA:6,267
DA:7,11190
DA:8,10941
DA:9,14
DA:13,18
LF:7
LH:7
end_of_record
TN:test
SF:/Users/nightpro/C2_s21_stringplus-0/src/s21_strerror.c
FN:5,s21_strerror
FNDA:1155,s21_strerror
FNF:1
FNH:1
DA:5,1155
DA:8,1155
DA:9,1045
DA:11,110
DA:14,1155
LF:5
LH:5
end_of_record
TN:test
SF:/Users/nightpro/C2_s21_stringplus-0/src/s21_strlen.c
FN:3,s21_strlen
FNDA:15786,s21_strlen
FNF:1
FNH:1
DA:3,15786
DA:4,15786
DA:5,15786
DA:6,876095
DA:7,860313
DA:10,15786
LF:6
LH:6
end_of_record
TN:test
SF:/Users/nightpro/C2_s21_stringplus-0/src/s21_strncat.c
FN:3,s21_strncat
FNDA:13,s21_strncat
FNF:1
FNH:1
DA:3,13
DA:4,13
DA:5,13
DA:6,47
DA:7,34
DA:9,13
DA:10,13
LF:7
LH:7
end_of_record
TN:test
SF:/Users/nightpro/C2_s21_stringplus-0/src/s21_strncmp.c
FN:3,s21_strncmp
FNDA:9,s21_strncmp
FNF:1
FNH:1
DA:3,9
DA:4,9
DA:5,9
DA:6,9
DA:8,33
DA:9,24
DA:10,3
DA:11,3
DA:14,9
LF:9
LH:9
end_of_record
TN:test
SF:/Users/nightpro/C2_s21_stringplus-0/src/s21_strncpy.c
FN:3,s21_strncpy
FNDA:9,s21_strncpy
FNF:1
FNH:1
DA:3,9
DA:5,59
DA:6,9
LF:3
LH:3
end_of_record
TN:test
SF:/Users/nightpro/C2_s21_stringplus-0/src/s21_strpbrk.c
FN:3,s21_strpbrk
FNDA:11,s21_strpbrk
FNF:1
FNH:1
DA:3,11
DA:4,11
DA:6,75
DA:7,159
DA:8,95
DA:9,5
DA:10,5
DA:11,5
DA:16,11
LF:9
LH:9
end_of_record
TN:test
SF:/Users/nightpro/C2_s21_stringplus-0/src/s21_strrchr.c
FN:3,s21_strrchr
FNDA:13,s21_strrchr
FNF:1
FNH:1
DA:3,13
DA:4,13
DA:5,13
DA:6,13
DA:7,129
DA:8,116
DA:9,8
DA:10,8
DA:13,13
LF:9
LH:9
end_of_record
TN:test
SF:/Users/nightpro/C2_s21_stringplus-0/src/s21_strspn.c
FN:3,s21_strspn
FNDA:18,s21_strspn
FNF:1
FNH:1
DA:3,18
DA:4,18
DA:5,86
DA:6,77
DA:7,970
DA:8,961
DA:9,68
DA:10,68
DA:11,68
DA:14,77
DA:16,18
LF:11
LH:11
end_of_record
TN:test
SF:/Users/nightpro/C2_s21_stringplus-0/src/s21_strstr.c
FN:3,s21_strstr
FNDA:14,s21_strstr
FNF:1
FNH:1
DA:3,14
DA:6,14
DA:7,14
DA:8,2
DA:10,12
DA:11,3
DA:13,9
DA:14,9
DA:15,9
DA:16,173
DA:17,164
DA:18,186
DA:19,22
DA:20,22
DA:22,164
DA:23,6
DA:24,6
DA:26,164
DA:30,14
LF:19
LH:19
end_of_record
TN:test
SF:/Users/nightpro/C2_s21_stringplus-0/src/s21_strtok.c
FN:3,s21_delim
FNDA:466,s21_delim
FN:12,s21_strtok
FNDA:79,s21_strtok
FNF:2
FNH:2
DA:3,466
DA:4,466
DA:5,2430
DA:6,1964
DA:7,1964
DA:9,466
DA:12,79
DA:15,79
DA:16,79
DA:17,15
DA:20,142
DA:21,78
DA:22,78
DA:24,64
DA:25,64
DA:27,64
DA:28,337
DA:29,335
DA:30,11
DA:31,11
DA:33,324
DA:34,51
DA:35,51
DA:36,51
DA:38,273
DA:42,79
LF:26
LH:26
end_of_record
TN:test
SF:/Users/nightpro/C2_s21_stringplus-0/src/s21_to_lower.c
FN:3,s21_to_lower
FNDA:7,s21_to_lower
FNF:1
FNH:1
DA:3,7
DA:4,7
DA:5,7
DA:6,7
DA:7,7
DA:8,7
DA:9,77
DA:10,70
DA:15,7
LF:9
LH:9
end_of_record
TN:test
SF:/Users/nightpro/C2_s21_stringplus-0/src/s21_to_upper.c
FN:3,s21_to_upper
FNDA:7,s21_to_upper
FNF:1
FNH:1
DA:3,7
DA:4,7
DA:5,7
DA:6,7
DA:7,7
DA:8,7
DA:9,57
DA:10,50
DA:15,7
LF:9
LH:9
end_of_record
TN:test
SF:/Users/nightpro/C2_s21_stringplus-0/src/s21_trim.c
FN:3,delete_first_letter
FNDA:86,delete_first_letter
FN:11,rightpart
FNDA:13,rightpart
FN:29,leftpart
FNDA:13,leftpart
FN:47,s21_trim
FNDA:13,s21_trim
FNF:4
FNH:4
DA:3,86
DA:4,86
DA:5,1885
DA:6,1799
DA:7,1799
DA:9,86
DA:11,13
DA:12,13
DA:13,13
DA:14,60
DA:15,57
DA:16,136
DA:17,126
DA:18,47
DA:19,47
DA:21,79
DA:22,10
DA:25,57
DA:27,13
DA:29,13
DA:30,13
DA:31,13
DA:32,99
DA:33,96
DA:34,761
DA:35,751
DA:36,86
DA:37,86
DA:39,665
DA:40,10
DA:43,96
DA:45,13
DA:47,13
DA:48,13
DA:49,13
DA:50,13
DA:51,13
DA:52,13
DA:53,5
DA:54,13
DA:55,13
DA:56,0
DA:58,13
DA:59,13
DA:60,13
DA:63,0
DA:65,13
LF:47
LH:45
end_of_record
TN:test
SF:/Users/nightpro/C2_s21_stringplus-0/src/tests/sprintf_test.c
FN:5,sprintf_simple_int_fn
FNDA:1,sprintf_simple_int_fn
FN:17,sprintf_precise_int_fn
FNDA:1,sprintf_precise_int_fn
FN:29,sprintf_width_int_fn
FNDA:1,sprintf_width_int_fn
FN:41,sprintf_minus_width_int_fn
FNDA:1,sprintf_minus_width_int_fn
FN:53,sprintf_plus_width_int_fn
FNDA:1,sprintf_plus_width_int_fn
FN:65,sprintf_padding_int_fn
FNDA:1,sprintf_padding_int_fn
FN:77,sprintf_star_width_int_fn
FNDA:1,sprintf_star_width_int_fn
FN:90,sprintf_star_precision_int_fn
FNDA:1,sprintf_star_precision_int_fn
FN:103,sprintf_many_flags_many_ints_fn
FNDA:1,sprintf_many_flags_many_ints_fn
FN:117,sprintf_flags_long_int_fn
FNDA:1,sprintf_flags_long_int_fn
FN:129,sprintf_flags_short_int_fn
FNDA:1,sprintf_flags_short_int_fn
FN:141,sprintf_flags_another_long_int_fn
FNDA:1,sprintf_flags_another_long_int_fn
FN:154,sprintf_zero_precision_zero_int_fn
FNDA:1,sprintf_zero_precision_zero_int_fn
FN:166,sprintf_space_flag_int_fn
FNDA:1,sprintf_space_flag_int_fn
FN:178,sprintf_unsigned_val_fn
FNDA:1,sprintf_unsigned_val_fn
FN:190,sprintf_unsigned_val_width_fn
FNDA:1,sprintf_unsigned_val_width_fn
FN:202,sprintf_unsigned_val_flags_fn
FNDA:1,sprintf_unsigned_val_flags_fn
FN:214,sprintf_unsigned_val_precision_fn
FNDA:1,sprintf_unsigned_val_precision_fn
FN:226,sprintf_unsigned_val_many_flags_fn
FNDA:1,sprintf_unsigned_val_many_flags_fn
FN:238,sprintf_unsigned_val_short_fn
FNDA:1,sprintf_unsigned_val_short_fn
FN:250,sprintf_unsigned_val_long_fn
FNDA:1,sprintf_unsigned_val_long_fn
FN:262,sprintf_unsigned_val_many_fn
FNDA:1,sprintf_unsigned_val_many_fn
FN:277,sprintf_octal_width_fn
FNDA:1,sprintf_octal_width_fn
FN:289,sprintf_octal_flags_fn
FNDA:1,sprintf_octal_flags_fn
FN:301,sprintf_octal_precision_fn
FNDA:1,sprintf_octal_precision_fn
FN:313,sprintf_octal_many_flags_fn
FNDA:1,sprintf_octal_many_flags_fn
FN:325,sprintf_octal_zero_fn
FNDA:1,sprintf_octal_zero_fn
FN:336,sprintf_octal_hash_fn
FNDA:1,sprintf_octal_hash_fn
FN:348,sprintf_octal_short_fn
FNDA:1,sprintf_octal_short_fn
FN:360,sprintf_octal_long_fn
FNDA:1,sprintf_octal_long_fn
FN:372,sprintf_octal_many_fn
FNDA:1,sprintf_octal_many_fn
FN:387,sprintf_octal_fn
FNDA:1,sprintf_octal_fn
FN:399,sprintf_unsigned_zero_fn
FNDA:1,sprintf_unsigned_zero_fn
FN:411,sprintf_hex_width_fn
FNDA:1,sprintf_hex_width_fn
FN:423,sprintf_hex_flags_fn
FNDA:1,sprintf_hex_flags_fn
FN:435,sprintf_hex_precision_fn
FNDA:1,sprintf_hex_precision_fn
FN:447,sprintf_hex_many_fn
FNDA:1,sprintf_hex_many_fn
FN:460,sprintf_hex_many_flags_fn
FNDA:1,sprintf_hex_many_flags_fn
FN:472,sprintf_hex_zero_fn
FNDA:1,sprintf_hex_zero_fn
FN:484,sprintf_hex_huge_fn
FNDA:1,sprintf_hex_huge_fn
FN:496,sprintf_hex_short_fn
FNDA:1,sprintf_hex_short_fn
FN:508,sprintf_hex_long_fn
FNDA:1,sprintf_hex_long_fn
FN:520,sprintf_hex_one_longer_width_fn
FNDA:1,sprintf_hex_one_longer_width_fn
FN:532,sprintf_hex_two_longer_width_fn
FNDA:1,sprintf_hex_two_longer_width_fn
FN:544,sprintf_one_char_fn
FNDA:1,sprintf_one_char_fn
FN:555,sprintf_one_precision_fn
FNDA:1,sprintf_one_precision_fn
FN:567,sprintf_one_flags_fn
FNDA:1,sprintf_one_flags_fn
FN:579,sprintf_one_width_fn
FNDA:1,sprintf_one_width_fn
FN:591,sprintf_one_many_fn
FNDA:1,sprintf_one_many_fn
FN:604,sprintf_one_many_flags_fn
FNDA:1,sprintf_one_many_flags_fn
FN:616,sprintf_string_fn
FNDA:1,sprintf_string_fn
FN:628,sprintf_string_precision_fn
FNDA:1,sprintf_string_precision_fn
FN:640,sprintf_string_width_fn
FNDA:1,sprintf_string_width_fn
FN:652,sprintf_string_flags_fn
FNDA:1,sprintf_string_flags_fn
FN:664,sprintf_string_long_fn
FNDA:1,sprintf_string_long_fn
FN:677,sprintf_string_many_fn
FNDA:1,sprintf_string_many_fn
FN:694,sprintf_ptr_fn
FNDA:1,sprintf_ptr_fn
FN:706,sprintf_ptr_width_fn
FNDA:1,sprintf_ptr_width_fn
FN:718,sprintf_ptr_precision_fn
FNDA:1,sprintf_ptr_precision_fn
FN:730,sprintf_null_ptr_fn
FNDA:1,sprintf_null_ptr_fn
FN:742,sprintf_string_width_huge_fn
FNDA:1,sprintf_string_width_huge_fn
FN:753,sprintf_n_specifier_fn
FNDA:1,sprintf_n_specifier_fn
FN:765,sprintf_float_precision_fn
FNDA:1,sprintf_float_precision_fn
FN:776,sprintf_float_width_fn
FNDA:1,sprintf_float_width_fn
FN:787,sprintf_float_precision_zero_fn
FNDA:1,sprintf_float_precision_zero_fn
FN:798,sprintf_float_precision_empty_fn
FNDA:1,sprintf_float_precision_empty_fn
FN:809,sprintf_float_precision_huge_fn
FNDA:1,sprintf_float_precision_huge_fn
FN:820,sprintf_float_precision_huge_negative_fn
FNDA:1,sprintf_float_precision_huge_negative_fn
FN:831,sprintf_float_huge_fn
FNDA:1,sprintf_float_huge_fn
FN:842,sprintf_float_flags_fn
FNDA:1,sprintf_float_flags_fn
FN:853,sprintf_float_many_fn
FNDA:1,sprintf_float_many_fn
FN:871,sprintf_e_precision_fn
FNDA:1,sprintf_e_precision_fn
FN:882,sprintf_e_precision_zero_fn
FNDA:1,sprintf_e_precision_zero_fn
FN:893,sprintf_e_precision_empty_fn
FNDA:1,sprintf_e_precision_empty_fn
FN:903,sprintf_e_precision_huge_fn
FNDA:1,sprintf_e_precision_huge_fn
FN:914,sprintf_e_precision_huge_negative_fn
FNDA:1,sprintf_e_precision_huge_negative_fn
FN:925,sprintf_e_huge_fn
FNDA:1,sprintf_e_huge_fn
FN:936,sprintf_e_flags_fn
FNDA:1,sprintf_e_flags_fn
FN:948,sprintf_e_width_fn
FNDA:1,sprintf_e_width_fn
FN:960,sprintf_e_many_fn
FNDA:1,sprintf_e_many_fn
FN:978,sprintf_E_int_fn
FNDA:1,sprintf_E_int_fn
FN:989,sprintf_all_empty_fn
FNDA:1,sprintf_all_empty_fn
FN:998,sprintf_empty_format_and_parameters_fn
FNDA:1,sprintf_empty_format_and_parameters_fn
FN:1008,sprintf_test_one_char_fn
FNDA:1,sprintf_test_one_char_fn
FN:1018,sprintf_test_many_char_fn
FNDA:1,sprintf_test_many_char_fn
FN:1029,sprintf_test_one_string_fn
FNDA:1,sprintf_test_one_string_fn
FN:1040,sprintf_test_many_string_fn
FNDA:1,sprintf_test_many_string_fn
FN:1052,sprintf_test_one_dec_fn
FNDA:1,sprintf_test_one_dec_fn
FN:1062,sprintf_test_many_dec_fn
FNDA:1,sprintf_test_many_dec_fn
FN:1073,sprintf_test_one_int_fn
FNDA:1,sprintf_test_one_int_fn
FN:1083,sprintf_test_many_int_fn
FNDA:1,sprintf_test_many_int_fn
FN:1094,sprintf_test_one_float_fn
FNDA:1,sprintf_test_one_float_fn
FN:1103,sprintf_test_many_float_fn
FNDA:1,sprintf_test_many_float_fn
FN:1114,sprintf_test_one_unsigned_dec_fn
FNDA:1,sprintf_test_one_unsigned_dec_fn
FN:1123,sprintf_test_many_unsigned_dec_fn
FNDA:1,sprintf_test_many_unsigned_dec_fn
FN:1135,sprintf_test_one_char_with_alignment_left_fn
FNDA:1,sprintf_test_one_char_with_alignment_left_fn
FN:1145,sprintf_test_one_char_with_alignment_right_fn
FNDA:1,sprintf_test_one_char_with_alignment_right_fn
FN:1156,sprintf_test_many_char_with_alignment_fn
FNDA:1,sprintf_test_many_char_with_alignment_fn
FN:1169,sprintf_test_one_hex_lower_fn
FNDA:1,sprintf_test_one_hex_lower_fn
FN:1183,sprintf_test_one_hex_upper_fn
FNDA:1,sprintf_test_one_hex_upper_fn
FN:1198,sprintf_test_many_hex_lower_fn
FNDA:1,sprintf_test_many_hex_lower_fn
FN:1209,sprintf_test_many_hex_upper_fn
FNDA:1,sprintf_test_many_hex_upper_fn
FN:1222,sprintf_test_one_hex_lower_with_alignment_left_fn
FNDA:1,sprintf_test_one_hex_lower_with_alignment_left_fn
FN:1237,sprintf_test_one_hex_lower_with_alignment_right_fn
FNDA:1,sprintf_test_one_hex_lower_with_alignment_right_fn
FN:1252,sprintf_test_one_hex_upper_with_alignment_left_fn
FNDA:1,sprintf_test_one_hex_upper_with_alignment_left_fn
FN:1267,sprintf_test_one_hex_upper_with_alignment_right_fn
FNDA:1,sprintf_test_one_hex_upper_with_alignment_right_fn
FN:1282,sprintf_test_many_hex_lower_with_alignment_fn
FNDA:1,sprintf_test_many_hex_lower_with_alignment_fn
FN:1293,sprintf_test_many_hex_upper_with_alignment_fn
FNDA:1,sprintf_test_many_hex_upper_with_alignment_fn
FN:1305,sprintf_test_one_hex_with_hashtag_fn
FNDA:1,sprintf_test_one_hex_with_hashtag_fn
FN:1320,sprintf_test_one_hex_upper_with_hashtag_fn
FNDA:1,sprintf_test_one_hex_upper_with_hashtag_fn
FN:1335,sprintf_test_many_hex_lower_with_hashtag_and_alignm_fn
FNDA:1,sprintf_test_many_hex_lower_with_hashtag_and_alignm_fn
FN:1347,sprintf_test_many_hex_upper_with_hashtag_and_alignm_fn
FNDA:1,sprintf_test_many_hex_upper_with_hashtag_and_alignm_fn
FN:1361,sprintf_test_one_hex_lower_with_width_star_fn
FNDA:1,sprintf_test_one_hex_lower_with_width_star_fn
FN:1379,sprintf_test_one_hex_upper_with_width_star_fn
FNDA:1,sprintf_test_one_hex_upper_with_width_star_fn
FN:1397,sprintf_test_many_hex_lower_with_width_star_and_align_and_hashtag_fn
FNDA:1,sprintf_test_many_hex_lower_with_width_star_and_align_and_hashtag_fn
FN:1409,sprintf_test_many_hex_upper_with_width_star_fn
FNDA:1,sprintf_test_many_hex_upper_with_width_star_fn
FN:1423,sprintf_test_one_hex_lower_with_precision_fn
FNDA:1,sprintf_test_one_hex_lower_with_precision_fn
FN:1434,sprintf_test_one_hex_upper_with_precision_fn
FNDA:1,sprintf_test_one_hex_upper_with_precision_fn
FN:1445,sprintf_test_many_hex_lower_with_precision_and_other_fn
FNDA:1,sprintf_test_many_hex_lower_with_precision_and_other_fn
FN:1459,sprintf_test_many_hex_upper_with_precision_and_other_fn
FNDA:1,sprintf_test_many_hex_upper_with_precision_and_other_fn
FN:1476,sprintf_test_one_hex_lower_with_length_fn
FNDA:1,sprintf_test_one_hex_lower_with_length_fn
FN:1498,sprintf_test_one_hex_upper_with_length_fn
FNDA:1,sprintf_test_one_hex_upper_with_length_fn
FN:1520,sprintf_test_sprintf1_fn
FNDA:1,sprintf_test_sprintf1_fn
FN:1531,sprintf_test_sprintf2_fn
FNDA:1,sprintf_test_sprintf2_fn
FN:1542,sprintf_test_sprintf3_fn
FNDA:1,sprintf_test_sprintf3_fn
FN:1553,sprintf_test_sprintf4_fn
FNDA:1,sprintf_test_sprintf4_fn
FN:1567,sprintf_test_sprintf6_fn
FNDA:1,sprintf_test_sprintf6_fn
FN:1579,sprintf_test_sprintf7_fn
FNDA:1,sprintf_test_sprintf7_fn
FN:1591,sprintf_test_sprintf8_fn
FNDA:1,sprintf_test_sprintf8_fn
FN:1603,sprintf_test_sprintf9_fn
FNDA:1,sprintf_test_sprintf9_fn
FN:1615,sprintf_test_sprintf10_fn
FNDA:1,sprintf_test_sprintf10_fn
FN:1627,sprintf_test_sprintf11_fn
FNDA:1,sprintf_test_sprintf11_fn
FN:1639,sprintf_test_sprintf12_fn
FNDA:1,sprintf_test_sprintf12_fn
FN:1653,sprintf_test_sprintf14_fn
FNDA:1,sprintf_test_sprintf14_fn
FN:1665,sprintf_test_sprintf15_fn
FNDA:1,sprintf_test_sprintf15_fn
FN:1677,sprintf_test_sprintf16_fn
FNDA:1,sprintf_test_sprintf16_fn
FN:1688,sprintf_test_sprintf17_fn
FNDA:1,sprintf_test_sprintf17_fn
FN:1700,sprintf_test_sprintf18_fn
FNDA:1,sprintf_test_sprintf18_fn
FN:1712,sprintf_test_sprintf19_fn
FNDA:1,sprintf_test_sprintf19_fn
FN:1724,sprintf_test_sprintf20_fn
FNDA:1,sprintf_test_sprintf20_fn
FN:1736,sprintf_test_sprintf24_fn
FNDA:1,sprintf_test_sprintf24_fn
FN:1751,sprintf_test_sprintf25_fn
FNDA:1,sprintf_test_sprintf25_fn
FN:1763,sprintf_test_sprintf26_fn
FNDA:1,sprintf_test_sprintf26_fn
FN:1774,sprintf_test_sprintf27_fn
FNDA:1,sprintf_test_sprintf27_fn
FN:1785,sprintf_test_sprintf28_fn
FNDA:1,sprintf_test_sprintf28_fn
FN:1799,sprintf_test_sprintf29_fn
FNDA:1,sprintf_test_sprintf29_fn
FN:1811,sprintf_test_sprintf30_fn
FNDA:1,sprintf_test_sprintf30_fn
FN:1822,sprintf_test_sprintf31_fn
FNDA:1,sprintf_test_sprintf31_fn
FN:1833,sprintf_test_sprintf32_fn
FNDA:1,sprintf_test_sprintf32_fn
FN:1845,sprintf_test_sprintf33_fn
FNDA:1,sprintf_test_sprintf33_fn
FN:1857,sprintf_test_sprintf35_fn
FNDA:1,sprintf_test_sprintf35_fn
FN:1869,sprintf_test_sprintf36_fn
FNDA:1,sprintf_test_sprintf36_fn
FN:1881,sprintf_test_sprintf37_fn
FNDA:1,sprintf_test_sprintf37_fn
FN:1893,sprintf_test_sprintf38_fn
FNDA:1,sprintf_test_sprintf38_fn
FN:1905,sprintf_test_sprintf39_fn
FNDA:1,sprintf_test_sprintf39_fn
FN:1919,sprintf_test_sprintf40_fn
FNDA:1,sprintf_test_sprintf40_fn
FN:1931,sprintf_test_sprintf41_fn
FNDA:1,sprintf_test_sprintf41_fn
FN:1943,sprintf_test_sprintf42_fn
FNDA:1,sprintf_test_sprintf42_fn
FN:1954,sprintf_test_sprintf43_fn
FNDA:1,sprintf_test_sprintf43_fn
FN:1966,sprintf_test_sprintf44_fn
FNDA:1,sprintf_test_sprintf44_fn
FN:1977,sprintf_g_trailing_zero_fn
FNDA:1,sprintf_g_trailing_zero_fn
FN:1988,sprintf_g_large_fn
FNDA:1,sprintf_g_large_fn
FN:1999,sprintf_g_small_fn
FNDA:1,sprintf_g_small_fn
FN:2010,sprintf_g_precision_fn
FNDA:1,sprintf_g_precision_fn
FN:2021,sprintf_g_precision_zero_fn
FNDA:1,sprintf_g_precision_zero_fn
FN:2032,sprintf_g_precision_missing_fn
FNDA:1,sprintf_g_precision_missing_fn
FN:2043,sprintf_g_many_zeroes_in_front_fn
FNDA:1,sprintf_g_many_zeroes_in_front_fn
FN:2054,sprintf_g_one_zero_fn
FNDA:1,sprintf_g_one_zero_fn
FN:2065,sprintf_g_zero_fn
FNDA:1,sprintf_g_zero_fn
FN:2076,sprintf_g_mantiss_fn
FNDA:1,sprintf_g_mantiss_fn
FN:2087,sprintf_g_mantiss_flags_fn
FNDA:1,sprintf_g_mantiss_flags_fn
FN:2098,sprintf_g_short_no_mantiss_fn
FNDA:1,sprintf_g_short_no_mantiss_fn
FN:2109,sprintf_LG_fn
FNDA:1,sprintf_LG_fn
FN:2120,sprintf_g_many_fn
FNDA:1,sprintf_g_many_fn
FN:2137,suite_sprintf
FNDA:1,suite_sprintf
FNF:175
FNH:175
DA:5,1
DA:6,1
DA:7,1
DA:9,1
DA:10,1
DA:11,1
DA:13,1
DA:14,1
DA:17,1
DA:18,1
DA:19,1
DA:21,1
DA:22,1
DA:23,1
DA:25,1
DA:26,1
DA:29,1
DA:30,1
DA:31,1
DA:33,1
DA:34,1
DA:35,1
DA:37,1
DA:38,1
DA:41,1
DA:42,1
DA:43,1
DA:45,1
DA:46,1
DA:47,1
DA:49,1
DA:50,1
DA:53,1
DA:54,1
DA:55,1
DA:57,1
DA:58,1
DA:59,1
DA:61,1
DA:62,1
DA:65,1
DA:66,1
DA:67,1
DA:69,1
DA:70,1
DA:71,1
DA:73,1
DA:74,1
DA:77,1
DA:78,1
DA:79,1
DA:81,1
DA:82,1
DA:83,1
DA:86,1
DA:87,1
DA:90,1
DA:91,1
DA:92,1
DA:94,1
DA:95,1
DA:96,1
DA:99,1
DA:100,1
DA:103,1
DA:104,1
DA:105,1
DA:107,1
DA:108,1
DA:109,1
DA:113,1
DA:114,1
DA:117,1
DA:118,1
DA:119,1
DA:121,1
DA:122,1
DA:123,1
DA:125,1
DA:126,1
DA:129,1
DA:130,1
DA:131,1
DA:133,1
DA:134,1
DA:135,1
DA:137,1
DA:138,1
DA:141,1
DA:142,1
DA:143,1
DA:145,1
DA:146,1
DA:147,1
DA:150,1
DA:151,1
DA:154,1
DA:155,1
DA:156,1
DA:158,1
DA:159,1
DA:160,1
DA:162,1
DA:163,1
DA:166,1
DA:167,1
DA:168,1
DA:170,1
DA:171,1
DA:172,1
DA:174,1
DA:175,1
DA:178,1
DA:179,1
DA:180,1
DA:182,1
DA:183,1
DA:184,1
DA:186,1
DA:187,1
DA:190,1
DA:191,1
DA:192,1
DA:194,1
DA:195,1
DA:196,1
DA:198,1
DA:199,1
DA:202,1
DA:203,1
DA:204,1
DA:206,1
DA:207,1
DA:208,1
DA:210,1
DA:211,1
DA:214,1
DA:215,1
DA:216,1
DA:218,1
DA:219,1
DA:220,1
DA:222,1
DA:223,1
DA:226,1
DA:227,1
DA:228,1
DA:230,1
DA:231,1
DA:232,1
DA:234,1
DA:235,1
DA:238,1
DA:239,1
DA:240,1
DA:242,1
DA:243,1
DA:244,1
DA:246,1
DA:247,1
DA:250,1
DA:251,1
DA:252,1
DA:254,1
DA:255,1
DA:256,1
DA:258,1
DA:259,1
DA:262,1
DA:263,1
DA:264,1
DA:266,1
DA:267,1
DA:268,1
DA:273,1
DA:274,1
DA:277,1
DA:278,1
DA:279,1
DA:281,1
DA:282,1
DA:283,1
DA:285,1
DA:286,1
DA:289,1
DA:290,1
DA:291,1
DA:293,1
DA:294,1
DA:295,1
DA:297,1
DA:298,1
DA:301,1
DA:302,1
DA:303,1
DA:305,1
DA:306,1
DA:307,1
DA:309,1
DA:310,1
DA:313,1
DA:314,1
DA:315,1
DA:317,1
DA:318,1
DA:319,1
DA:321,1
DA:322,1
DA:325,1
DA:326,1
DA:327,1
DA:329,1
DA:330,1
DA:332,1
DA:333,1
DA:336,1
DA:337,1
DA:338,1
DA:340,1
DA:341,1
DA:342,1
DA:344,1
DA:345,1
DA:348,1
DA:349,1
DA:350,1
DA:352,1
DA:353,1
DA:354,1
DA:356,1
DA:357,1
DA:360,1
DA:361,1
DA:362,1
DA:364,1
DA:365,1
DA:366,1
DA:368,1
DA:369,1
DA:372,1
DA:373,1
DA:374,1
DA:376,1
DA:377,1
DA:378,1
DA:383,1
DA:384,1
DA:387,1
DA:388,1
DA:389,1
DA:391,1
DA:392,1
DA:393,1
DA:395,1
DA:396,1
DA:399,1
DA:400,1
DA:401,1
DA:403,1
DA:404,1
DA:407,1
DA:408,1
DA:411,1
DA:412,1
DA:413,1
DA:415,1
DA:416,1
DA:417,1
DA:419,1
DA:420,1
DA:423,1
DA:424,1
DA:425,1
DA:427,1
DA:428,1
DA:429,1
DA:431,1
DA:432,1
DA:435,1
DA:436,1
DA:437,1
DA:439,1
DA:440,1
DA:441,1
DA:443,1
DA:444,1
DA:447,1
DA:448,1
DA:449,1
DA:451,1
DA:452,1
DA:453,1
DA:456,1
DA:457,1
DA:460,1
DA:461,1
DA:462,1
DA:464,1
DA:465,1
DA:466,1
DA:468,0
DA:469,0
DA:472,1
DA:473,1
DA:474,1
DA:476,1
DA:477,1
DA:478,1
DA:480,1
DA:481,1
DA:484,1
DA:485,1
DA:486,1
DA:488,1
DA:489,1
DA:490,1
DA:492,1
DA:493,1
DA:496,1
DA:497,1
DA:498,1
DA:500,1
DA:501,1
DA:502,1
DA:504,0
DA:505,0
DA:508,1
DA:509,1
DA:510,1
DA:512,1
DA:513,1
DA:514,1
DA:516,0
DA:517,0
DA:520,1
DA:521,1
DA:522,1
DA:524,1
DA:525,1
DA:526,1
DA:528,1
DA:529,1
DA:532,1
DA:533,1
DA:534,1
DA:536,1
DA:537,1
DA:538,1
DA:540,1
DA:541,1
DA:544,1
DA:545,1
DA:546,1
DA:548,1
DA:549,1
DA:550,1
DA:552,1
DA:553,1
DA:555,1
DA:556,1
DA:557,1
DA:559,1
DA:560,1
DA:561,1
DA:563,1
DA:564,1
DA:567,1
DA:568,1
DA:569,1
DA:571,1
DA:572,1
DA:573,1
DA:575,1
DA:576,1
DA:579,1
DA:580,1
DA:581,1
DA:583,1
DA:584,1
DA:585,1
DA:587,1
DA:588,1
DA:591,1
DA:592,1
DA:593,1
DA:595,1
DA:596,1
DA:597,1
DA:600,1
DA:601,1
DA:604,1
DA:605,1
DA:606,1
DA:608,1
DA:609,1
DA:610,1
DA:612,1
DA:613,1
DA:616,1
DA:617,1
DA:618,1
DA:620,1
DA:621,1
DA:622,1
DA:624,1
DA:625,1
DA:628,1
DA:629,1
DA:630,1
DA:632,1
DA:633,1
DA:634,1
DA:636,1
DA:637,1
DA:640,1
DA:641,1
DA:642,1
DA:644,1
DA:645,1
DA:646,1
DA:648,1
DA:649,1
DA:652,1
DA:653,1
DA:654,1
DA:656,1
DA:657,1
DA:658,1
DA:660,1
DA:661,1
DA:664,1
DA:665,1
DA:666,1
DA:668,1
DA:669,1
DA:671,1
DA:673,1
DA:674,1
DA:677,1
DA:678,1
DA:679,1
DA:681,1
DA:682,1
DA:684,1
DA:685,1
DA:686,1
DA:687,1
DA:690,1
DA:691,1
DA:694,1
DA:695,1
DA:696,1
DA:698,1
DA:699,1
DA:702,1
DA:703,1
DA:706,1
DA:707,1
DA:708,1
DA:710,1
DA:711,1
DA:714,1
DA:715,1
DA:718,1
DA:719,1
DA:720,1
DA:722,1
DA:723,1
DA:726,1
DA:727,1
DA:730,1
DA:731,1
DA:732,1
DA:734,1
DA:735,1
DA:736,1
DA:738,1
DA:739,1
DA:742,1
DA:743,1
DA:744,1
DA:745,1
DA:746,1
DA:747,1
DA:749,1
DA:750,1
DA:753,1
DA:754,1
DA:755,1
DA:756,1
DA:757,1
DA:758,1
DA:761,0
DA:762,0
DA:765,1
DA:766,1
DA:767,1
DA:768,1
DA:769,1
DA:770,1
DA:772,1
DA:773,1
DA:776,1
DA:777,1
DA:778,1
DA:779,1
DA:780,1
DA:781,1
DA:783,1
DA:784,1
DA:787,1
DA:788,1
DA:789,1
DA:790,1
DA:791,1
DA:792,1
DA:794,1
DA:795,1
DA:798,1
DA:799,1
DA:800,1
DA:801,1
DA:802,1
DA:803,1
DA:805,1
DA:806,1
DA:809,1
DA:810,1
DA:811,1
DA:812,1
DA:813,1
DA:814,1
DA:816,1
DA:817,1
DA:820,1
DA:821,1
DA:822,1
DA:823,1
DA:824,1
DA:825,1
DA:827,1
DA:828,1
DA:831,1
DA:832,1
DA:833,1
DA:834,1
DA:835,1
DA:836,1
DA:838,1
DA:839,1
DA:842,1
DA:843,1
DA:844,1
DA:845,1
DA:846,1
DA:847,1
DA:849,1
DA:850,1
DA:853,1
DA:854,1
DA:855,1
DA:857,1
DA:858,1
DA:859,1
DA:860,1
DA:861,1
DA:862,1
DA:863,1
DA:864,1
DA:867,1
DA:868,1
DA:871,1
DA:872,1
DA:873,1
DA:874,1
DA:875,1
DA:876,1
DA:878,1
DA:879,1
DA:882,1
DA:883,1
DA:884,1
DA:885,1
DA:886,1
DA:887,1
DA:889,1
DA:890,0
DA:893,1
DA:894,1
DA:895,1
DA:896,1
DA:897,1
DA:898,1
DA:900,1
DA:901,0
DA:903,1
DA:904,1
DA:905,1
DA:906,1
DA:907,1
DA:908,1
DA:910,1
DA:911,1
DA:914,1
DA:915,1
DA:916,1
DA:917,1
DA:918,1
DA:919,1
DA:921,1
DA:922,1
DA:925,1
DA:926,1
DA:927,1
DA:928,1
DA:929,1
DA:930,1
DA:932,1
DA:933,1
DA:936,1
DA:937,1
DA:938,1
DA:940,1
DA:941,1
DA:942,1
DA:944,1
DA:945,1
DA:948,1
DA:949,1
DA:950,1
DA:952,1
DA:953,1
DA:954,1
DA:956,1
DA:957,1
DA:960,1
DA:961,1
DA:962,1
DA:964,1
DA:965,1
DA:966,1
DA:967,1
DA:968,1
DA:969,1
DA:970,1
DA:971,1
DA:974,1
DA:975,1
DA:978,1
DA:979,1
DA:980,1
DA:981,1
DA:982,1
DA:983,1
DA:985,1
DA:986,1
DA:989,1
DA:990,1
DA:991,1
DA:992,1
DA:994,1
DA:995,1
DA:998,1
DA:999,1
DA:1000,1
DA:1002,1
DA:1004,1
DA:1005,1
DA:1008,1
DA:1009,1
DA:1010,1
DA:1012,1
DA:1014,1
DA:1015,1
DA:1018,1
DA:1019,1
DA:1020,1
DA:1022,1
DA:1025,1
DA:1026,1
DA:1029,1
DA:1030,1
DA:1031,1
DA:1033,1
DA:1036,1
DA:1037,1
DA:1040,1
DA:1041,1
DA:1042,1
DA:1044,1
DA:1048,1
DA:1049,1
DA:1052,1
DA:1053,1
DA:1054,1
DA:1056,1
DA:1058,1
DA:1059,1
DA:1062,1
DA:1063,1
DA:1064,1
DA:1066,1
DA:1069,1
DA:1070,1
DA:1073,1
DA:1074,1
DA:1075,1
DA:1077,1
DA:1079,1
DA:1080,1
DA:1083,1
DA:1084,1
DA:1085,1
DA:1087,1
DA:1090,1
DA:1091,1
DA:1094,1
DA:1095,1
DA:1096,1
DA:1097,1
DA:1099,1
DA:1100,1
DA:1103,1
DA:1104,1
DA:1105,1
DA:1106,1
DA:1110,1
DA:1111,1
DA:1114,1
DA:1115,1
DA:1116,1
DA:1117,1
DA:1119,1
DA:1120,1
DA:1123,1
DA:1124,1
DA:1125,1
DA:1127,1
DA:1131,1
DA:1132,1
DA:1135,1
DA:1136,1
DA:1137,1
DA:1139,1
DA:1141,1
DA:1142,1
DA:1145,1
DA:1146,1
DA:1147,1
DA:1149,1
DA:1152,1
DA:1153,1
DA:1156,1
DA:1157,1
DA:1158,1
DA:1160,1
DA:1164,1
DA:1165,1
DA:1169,1
DA:1170,1
DA:1171,1
DA:1172,1
DA:1174,1
DA:1175,1
DA:1176,1
DA:1177,1
DA:1179,1
DA:1180,1
DA:1183,1
DA:1184,1
DA:1185,1
DA:1187,1
DA:1189,1
DA:1190,1
DA:1191,1
DA:1192,1
DA:1194,1
DA:1195,1
DA:1198,1
DA:1199,1
DA:1200,1
DA:1202,1
DA:1205,1
DA:1206,1
DA:1209,1
DA:1210,1
DA:1211,1
DA:1213,1
DA:1216,1
DA:1217,1
DA:1222,1
DA:1223,1
DA:1224,1
DA:1226,1
DA:1228,1
DA:1229,1
DA:1230,1
DA:1231,1
DA:1233,1
DA:1234,1
DA:1237,1
DA:1238,1
DA:1239,1
DA:1241,1
DA:1243,1
DA:1244,1
DA:1245,1
DA:1246,1
DA:1248,1
DA:1249,1
DA:1252,1
DA:1253,1
DA:1254,1
DA:1256,1
DA:1258,1
DA:1259,1
DA:1260,1
DA:1261,1
DA:1263,1
DA:1264,1
DA:1267,1
DA:1268,1
DA:1269,1
DA:1271,1
DA:1273,1
DA:1274,1
DA:1275,1
DA:1276,1
DA:1278,1
DA:1279,1
DA:1282,1
DA:1283,1
DA:1284,1
DA:1286,1
DA:1289,1
DA:1290,1
DA:1293,1
DA:1294,1
DA:1295,1
DA:1296,1
DA:1299,1
DA:1300,1
DA:1305,1
DA:1306,1
DA:1307,1
DA:1309,1
DA:1311,0
DA:1312,0
DA:1313,0
DA:1314,0
DA:1316,0
DA:1317,0
DA:1320,1
DA:1321,1
DA:1322,1
DA:1324,1
DA:1326,0
DA:1327,0
DA:1328,0
DA:1329,0
DA:1331,0
DA:1332,0
DA:1335,1
DA:1336,1
DA:1337,1
DA:1339,1
DA:1343,1
DA:1344,1
DA:1347,1
DA:1348,1
DA:1349,1
DA:1351,1
DA:1355,1
DA:1356,1
DA:1361,1
DA:1362,1
DA:1363,1
DA:1365,1
DA:1367,1
DA:1369,1
DA:1371,1
DA:1373,1
DA:1375,1
DA:1376,1
DA:1379,1
DA:1380,1
DA:1381,1
DA:1383,1
DA:1385,1
DA:1387,1
DA:1389,1
DA:1391,1
DA:1393,1
DA:1394,1
DA:1397,1
DA:1398,1
DA:1399,1
DA:1401,1
DA:1405,1
DA:1406,0
DA:1409,1
DA:1410,1
DA:1411,1
DA:1413,1
DA:1417,1
DA:1418,0
DA:1423,1
DA:1424,1
DA:1425,1
DA:1427,1
DA:1428,1
DA:1429,1
DA:1430,1
DA:1431,1
DA:1434,1
DA:1435,1
DA:1436,1
DA:1438,1
DA:1439,1
DA:1440,1
DA:1441,1
DA:1442,1
DA:1445,1
DA:1446,1
DA:1447,1
DA:1448,1
DA:1451,1
DA:1454,1
DA:1455,0
DA:1456,0
DA:1459,1
DA:1460,1
DA:1461,1
DA:1463,1
DA:1470,0
DA:1471,0
DA:1476,1
DA:1477,1
DA:1478,1
DA:1480,1
DA:1482,1
DA:1483,1
DA:1485,1
DA:1486,1
DA:1488,1
DA:1489,1
DA:1490,1
DA:1491,1
DA:1492,1
DA:1493,1
DA:1494,1
DA:1495,1
DA:1498,1
DA:1499,1
DA:1500,1
DA:1502,1
DA:1504,1
DA:1505,1
DA:1507,1
DA:1508,1
DA:1510,1
DA:1511,1
DA:1512,1
DA:1513,1
DA:1514,1
DA:1515,1
DA:1516,1
DA:1517,1
DA:1520,1
DA:1521,1
DA:1522,1
DA:1523,1
DA:1525,1
DA:1527,1
DA:1528,1
DA:1531,1
DA:1532,1
DA:1533,1
DA:1534,1
DA:1536,1
DA:1538,1
DA:1539,1
DA:1542,1
DA:1543,1
DA:1544,1
DA:1545,1
DA:1547,1
DA:1549,1
DA:1550,1
DA:1553,1
DA:1554,1
DA:1555,1
DA:1556,1
DA:1558,1
DA:1559,1
DA:1560,1
DA:1561,1
DA:1563,1
DA:1564,1
DA:1567,1
DA:1568,1
DA:1569,1
DA:1570,1
DA:1572,1
DA:1575,1
DA:1576,1
DA:1579,1
DA:1580,1
DA:1581,1
DA:1582,1
DA:1584,1
DA:1587,1
DA:1588,1
DA:1591,1
DA:1592,1
DA:1593,1
DA:1594,1
DA:1596,1
DA:1599,1
DA:1600,1
DA:1603,1
DA:1604,1
DA:1605,1
DA:1606,1
DA:1608,1
DA:1611,1
DA:1612,1
DA:1615,1
DA:1616,1
DA:1617,1
DA:1618,1
DA:1620,1
DA:1623,1
DA:1624,1
DA:1627,1
DA:1628,1
DA:1629,1
DA:1630,1
DA:1632,1
DA:1635,1
DA:1636,1
DA:1639,1
DA:1640,1
DA:1641,1
DA:1642,1
DA:1643,1
DA:1645,1
DA:1649,1
DA:1650,1
DA:1653,1
DA:1654,1
DA:1655,1
DA:1656,1
DA:1658,1
DA:1661,1
DA:1662,1
DA:1665,1
DA:1666,1
DA:1667,1
DA:1668,1
DA:1670,1
DA:1673,1
DA:1674,1
DA:1677,1
DA:1678,1
DA:1679,1
DA:1680,1
DA:1682,1
DA:1684,1
DA:1685,1
DA:1688,1
DA:1689,1
DA:1690,1
DA:1691,1
DA:1693,1
DA:1696,1
DA:1697,1
DA:1700,1
DA:1701,1
DA:1702,1
DA:1703,1
DA:1705,1
DA:1708,1
DA:1709,1
DA:1712,1
DA:1713,1
DA:1714,1
DA:1715,1
DA:1717,1
DA:1720,1
DA:1721,1
DA:1724,1
DA:1725,1
DA:1726,1
DA:1727,1
DA:1729,1
DA:1732,1
DA:1733,1
DA:1736,1
DA:1737,1
DA:1738,1
DA:1739,1
DA:1741,1
DA:1747,1
DA:1748,1
DA:1751,1
DA:1752,1
DA:1753,1
DA:1754,1
DA:1756,1
DA:1759,1
DA:1760,1
DA:1763,1
DA:1764,1
DA:1765,1
DA:1766,1
DA:1768,1
DA:1770,1
DA:1771,1
DA:1774,1
DA:1775,1
DA:1776,1
DA:1777,1
DA:1779,1
DA:1781,1
DA:1782,1
DA:1785,1
DA:1786,1
DA:1787,1
DA:1790,1
DA:1791,1
DA:1793,1
DA:1794,0
DA:1795,0
DA:1796,0
DA:1799,1
DA:1800,1
DA:1801,1
DA:1802,1
DA:1804,1
DA:1807,1
DA:1808,1
DA:1811,1
DA:1812,1
DA:1813,1
DA:1814,1
DA:1816,1
DA:1818,1
DA:1819,1
DA:1822,1
DA:1823,1
DA:1824,1
DA:1825,1
DA:1826,1
DA:1827,1
DA:1829,1
DA:1830,1
DA:1833,1
DA:1834,1
DA:1835,1
DA:1836,1
DA:1838,1
DA:1841,1
DA:1842,1
DA:1845,1
DA:1846,1
DA:1847,1
DA:1848,1
DA:1849,1
DA:1851,1
DA:1853,1
DA:1854,1
DA:1857,1
DA:1858,1
DA:1859,1
DA:1860,1
DA:1862,1
DA:1865,1
DA:1866,1
DA:1869,1
DA:1870,1
DA:1871,1
DA:1872,1
DA:1874,1
DA:1877,1
DA:1878,1
DA:1881,1
DA:1882,1
DA:1883,1
DA:1884,1
DA:1886,1
DA:1889,1
DA:1890,1
DA:1893,1
DA:1894,1
DA:1895,1
DA:1896,1
DA:1898,1
DA:1901,1
DA:1902,1
DA:1905,1
DA:1906,1
DA:1907,1
DA:1908,1
DA:1909,1
DA:1910,1
DA:1911,1
DA:1912,1
DA:1915,1
DA:1916,1
DA:1919,1
DA:1920,1
DA:1921,1
DA:1922,1
DA:1924,1
DA:1927,1
DA:1928,1
DA:1931,1
DA:1932,1
DA:1933,1
DA:1934,1
DA:1935,1
DA:1937,1
DA:1939,1
DA:1940,0
DA:1943,1
DA:1944,1
DA:1945,1
DA:1946,1
DA:1947,1
DA:1948,1
DA:1950,1
DA:1951,1
DA:1954,1
DA:1955,1
DA:1956,1
DA:1957,1
DA:1959,1
DA:1962,1
DA:1963,1
DA:1966,1
DA:1967,1
DA:1968,1
DA:1969,1
DA:1970,1
DA:1971,1
DA:1973,1
DA:1974,1
DA:1977,1
DA:1978,1
DA:1979,1
DA:1980,1
DA:1981,1
DA:1982,1
DA:1984,1
DA:1985,1
DA:1988,1
DA:1989,1
DA:1990,1
DA:1991,1
DA:1992,1
DA:1993,1
DA:1995,1
DA:1996,1
DA:1999,1
DA:2000,1
DA:2001,1
DA:2002,1
DA:2003,1
DA:2004,1
DA:2006,1
DA:2007,1
DA:2010,1
DA:2011,1
DA:2012,1
DA:2013,1
DA:2014,1
DA:2015,1
DA:2017,1
DA:2018,1
DA:2021,1
DA:2022,1
DA:2023,1
DA:2024,1
DA:2025,1
DA:2026,1
DA:2028,0
DA:2029,0
DA:2032,1
DA:2033,1
DA:2034,1
DA:2035,1
DA:2036,1
DA:2037,1
DA:2039,0
DA:2040,0
DA:2043,1
DA:2044,1
DA:2045,1
DA:2046,1
DA:2047,1
DA:2048,1
DA:2050,0
DA:2051,0
DA:2054,1
DA:2055,1
DA:2056,1
DA:2057,1
DA:2058,1
DA:2059,1
DA:2061,1
DA:2062,1
DA:2065,1
DA:2066,1
DA:2067,1
DA:2068,1
DA:2069,1
DA:2070,1
DA:2072,1
DA:2073,1
DA:2076,1
DA:2077,1
DA:2078,1
DA:2079,1
DA:2080,1
DA:2081,1
DA:2083,0
DA:2084,0
DA:2087,1
DA:2088,1
DA:2089,1
DA:2090,1
DA:2091,1
DA:2092,1
DA:2094,0
DA:2095,0
DA:2098,1
DA:2099,1
DA:2100,1
DA:2101,1
DA:2102,1
DA:2103,1
DA:2105,1
DA:2106,1
DA:2109,1
DA:2110,1
DA:2111,1
DA:2112,1
DA:2113,1
DA:2114,1
DA:2116,0
DA:2117,0
DA:2120,1
DA:2121,1
DA:2122,1
DA:2123,1
DA:2124,1
DA:2125,1
DA:2126,1
DA:2127,1
DA:2128,1
DA:2129,1
DA:2130,1
DA:2133,0
DA:2134,0
DA:2137,1
DA:2138,1
DA:2139,1
DA:2140,1
DA:2141,1
DA:2142,1
DA:2143,1
DA:2144,1
DA:2145,1
DA:2146,1
DA:2147,1
DA:2148,1
DA:2149,1
DA:2150,1
DA:2151,1
DA:2152,1
DA:2153,1
DA:2154,1
DA:2155,1
DA:2156,1
DA:2157,1
DA:2158,1
DA:2159,1
DA:2160,1
DA:2161,1
DA:2162,1
DA:2164,1
DA:2165,1
DA:2166,1
DA:2167,1
DA:2168,1
DA:2169,1
DA:2170,1
DA:2171,1
DA:2172,1
DA:2173,1
DA:2174,1
DA:2175,1
DA:2176,1
DA:2177,1
DA:2178,1
DA:2179,1
DA:2180,1
DA:2181,1
DA:2182,1
DA:2183,1
DA:2184,1
DA:2185,1
DA:2186,1
DA:2187,1
DA:2188,1
DA:2189,1
DA:2190,1
DA:2191,1
DA:2192,1
DA:2193,1
DA:2194,1
DA:2195,1
DA:2196,1
DA:2197,1
DA:2198,1
DA:2199,1
DA:2200,1
DA:2201,1
DA:2202,1
DA:2203,1
DA:2204,1
DA:2205,1
DA:2206,1
DA:2207,1
DA:2208,1
DA:2209,1
DA:2210,1
DA:2211,1
DA:2212,1
DA:2213,1
DA:2214,1
DA:2215,1
DA:2216,1
DA:2217,1
DA:2218,1
DA:2219,1
DA:2220,1
DA:2221,1
DA:2222,1
DA:2223,1
DA:2224,1
DA:2225,1
DA:2226,1
DA:2227,1
DA:2228,1
DA:2229,1
DA:2230,1
DA:2231,1
DA:2232,1
DA:2233,1
DA:2234,1
DA:2235,1
DA:2236,1
DA:2237,1
DA:2238,1
DA:2239,1
DA:2240,1
DA:2241,1
DA:2242,1
DA:2243,1
DA:2244,1
DA:2245,1
DA:2246,1
DA:2247,1
DA:2248,1
DA:2249,1
DA:2250,1
DA:2251,1
DA:2252,1
DA:2253,1
DA:2254,1
DA:2255,1
DA:2256,1
DA:2258,1
DA:2259,1
DA:2260,1
DA:2261,1
DA:2262,1
DA:2263,1
DA:2264,1
DA:2265,1
DA:2266,1
DA:2267,1
DA:2268,1
DA:2269,1
DA:2270,1
DA:2271,1
DA:2272,1
DA:2273,1
DA:2274,1
DA:2275,1
DA:2276,1
DA:2277,1
DA:2278,1
DA:2279,1
DA:2280,1
DA:2281,1
DA:2282,1
DA:2283,1
DA:2284,1
DA:2285,1
DA:2286,1
DA:2287,1
DA:2288,1
DA:2289,1
DA:2290,1
DA:2291,1
DA:2292,1
DA:2293,1
DA:2294,1
DA:2295,1
DA:2296,1
DA:2297,1
DA:2298,1
DA:2299,1
DA:2300,1
DA:2301,1
DA:2302,1
DA:2303,1
DA:2304,1
DA:2305,1
DA:2306,1
DA:2307,1
DA:2308,1
DA:2309,1
DA:2310,1
DA:2311,1
DA:2312,1
DA:2313,1
DA:2314,1
DA:2315,1
DA:2316,1
DA:2317,1
DA:2319,1
LF:1545
LH:1499
end_of_record
TN:test
SF:/Users/nightpro/C2_s21_stringplus-0/src/tests/sscanf_test.c
FN:5,sscanf_EOF1_fn
FNDA:1,sscanf_EOF1_fn
FN:15,sscanf_EOF2_fn
FNDA:1,sscanf_EOF2_fn
FN:26,sscanf_EOF3_fn
FNDA:1,sscanf_EOF3_fn
FN:37,sscanf_only_chars1_fn
FNDA:1,sscanf_only_chars1_fn
FN:54,sscanf_only_chars2_fn
FNDA:1,sscanf_only_chars2_fn
FN:71,sscanf_only_chars3_fn
FNDA:1,sscanf_only_chars3_fn
FN:87,sscanf_only_chars4_fn
FNDA:1,sscanf_only_chars4_fn
FN:104,sscanf_only_chars5_fn
FNDA:1,sscanf_only_chars5_fn
FN:121,sscanf_special_symbols_as_chars1_fn
FNDA:1,sscanf_special_symbols_as_chars1_fn
FN:137,sscanf_special_symbols_as_chars2_fn
FNDA:1,sscanf_special_symbols_as_chars2_fn
FN:153,sscanf_special_symbols_as_chars3_fn
FNDA:1,sscanf_special_symbols_as_chars3_fn
FN:169,sscanf_chars_flags1_fn
FNDA:1,sscanf_chars_flags1_fn
FN:185,sscanf_chars_flags2_fn
FNDA:1,sscanf_chars_flags2_fn
FN:201,sscanf_chars_flags3_fn
FNDA:1,sscanf_chars_flags3_fn
FN:217,sscanf_chars_flags4_fn
FNDA:1,sscanf_chars_flags4_fn
FN:233,sscanf_chars_flags5_fn
FNDA:1,sscanf_chars_flags5_fn
FN:246,sscanf_chars_aster1_fn
FNDA:1,sscanf_chars_aster1_fn
FN:259,sscanf_chars_aster2_fn
FNDA:1,sscanf_chars_aster2_fn
FN:272,sscanf_only_ints1_fn
FNDA:1,sscanf_only_ints1_fn
FN:288,sscanf_only_ints2_fn
FNDA:1,sscanf_only_ints2_fn
FN:304,sscanf_only_ints3_fn
FNDA:1,sscanf_only_ints3_fn
FN:320,sscanf_ints_nwidth1_fn
FNDA:1,sscanf_ints_nwidth1_fn
FN:336,sscanf_ints_nwidth2_fn
FNDA:1,sscanf_ints_nwidth2_fn
FN:352,sscanf_ints_nwidth3_fn
FNDA:1,sscanf_ints_nwidth3_fn
FN:368,sscanf_ints_nwidth4_fn
FNDA:1,sscanf_ints_nwidth4_fn
FN:384,sscanf_ints_astwidth1_fn
FNDA:1,sscanf_ints_astwidth1_fn
FN:399,sscanf_ints_astwidth2_fn
FNDA:1,sscanf_ints_astwidth2_fn
FN:415,sscanf_ints_astwidth3_fn
FNDA:1,sscanf_ints_astwidth3_fn
FN:431,sscanf_ints_astwidth4_fn
FNDA:1,sscanf_ints_astwidth4_fn
FN:447,sscanf_signed_ints1_fn
FNDA:1,sscanf_signed_ints1_fn
FN:463,sscanf_signed_ints2_fn
FNDA:1,sscanf_signed_ints2_fn
FN:479,sscanf_signed_ints3_fn
FNDA:1,sscanf_signed_ints3_fn
FN:495,sscanf_signed_ints4_fn
FNDA:1,sscanf_signed_ints4_fn
FN:511,sscanf_spec_i_int1_fn
FNDA:1,sscanf_spec_i_int1_fn
FN:527,sscanf_spec_i_int2_fn
FNDA:1,sscanf_spec_i_int2_fn
FN:543,sscanf_spec_i_int3_fn
FNDA:1,sscanf_spec_i_int3_fn
FN:560,sscanf_spec_i_int4_fn
FNDA:1,sscanf_spec_i_int4_fn
FN:576,sscanf_spec_i_hex1_fn
FNDA:1,sscanf_spec_i_hex1_fn
FN:592,sscanf_spec_i_hex2_fn
FNDA:1,sscanf_spec_i_hex2_fn
FN:608,sscanf_spec_i_oct1_fn
FNDA:1,sscanf_spec_i_oct1_fn
FN:624,sscanf_spec_i_oct2_fn
FNDA:1,sscanf_spec_i_oct2_fn
FN:641,sscanf_strings1_fn
FNDA:1,sscanf_strings1_fn
FN:667,sscanf_strings_mixed3_fn
FNDA:1,sscanf_strings_mixed3_fn
FN:699,sscanf_strings2_fn
FNDA:1,sscanf_strings2_fn
FN:725,sscanf_strings3_fn
FNDA:1,sscanf_strings3_fn
FN:751,sscanf_strings4_fn
FNDA:1,sscanf_strings4_fn
FN:777,sscanf_strings5_fn
FNDA:1,sscanf_strings5_fn
FN:803,sscanf_strings6_fn
FNDA:1,sscanf_strings6_fn
FN:830,sscanf_strings_mixed1_fn
FNDA:1,sscanf_strings_mixed1_fn
FN:865,sscanf_strings_mixed2_fn
FNDA:1,sscanf_strings_mixed2_fn
FN:893,sscanf_n1_fn
FNDA:1,sscanf_n1_fn
FN:912,sscanf_n2_fn
FNDA:1,sscanf_n2_fn
FN:937,sscanf_n3_fn
FNDA:1,sscanf_n3_fn
FN:951,sscanf_n4_fn
FNDA:1,sscanf_n4_fn
FN:970,sscanf_n5_fn
FNDA:1,sscanf_n5_fn
FN:990,sscanf_floats1_fn
FNDA:1,sscanf_floats1_fn
FN:1007,sscanf_floats2_fn
FNDA:1,sscanf_floats2_fn
FN:1024,sscanf_floats3_fn
FNDA:1,sscanf_floats3_fn
FN:1041,sscanf_floats4_fn
FNDA:1,sscanf_floats4_fn
FN:1058,sscanf_floats5_fn
FNDA:1,sscanf_floats5_fn
FN:1074,sscanf_floats_sci1_fn
FNDA:1,sscanf_floats_sci1_fn
FN:1092,sscanf_uint1_fn
FNDA:1,sscanf_uint1_fn
FN:1108,sscanf_uint2_fn
FNDA:1,sscanf_uint2_fn
FN:1125,sscanf_uint3_fn
FNDA:1,sscanf_uint3_fn
FN:1151,sscanf_uint4_fn
FNDA:1,sscanf_uint4_fn
FN:1167,sscanf_uint5_fn
FNDA:1,sscanf_uint5_fn
FN:1183,sscanf_uint6_fn
FNDA:1,sscanf_uint6_fn
FN:1199,sscanf_upeer_hex_base_version_fn
FNDA:1,sscanf_upeer_hex_base_version_fn
FN:1211,sscanf_upeer_hex_overflow_fn
FNDA:1,sscanf_upeer_hex_overflow_fn
FN:1223,sscanf_upeer_hex_0x_fn
FNDA:1,sscanf_upeer_hex_0x_fn
FN:1235,sscanf_upeer_hex_0X_fn
FNDA:1,sscanf_upeer_hex_0X_fn
FN:1247,sscanf_upeer_hex_empty_fn
FNDA:1,sscanf_upeer_hex_empty_fn
FN:1258,sscanf_upeer_hex_fail_fn
FNDA:1,sscanf_upeer_hex_fail_fn
FN:1269,sscanf_upeer_hex_spaces_tabs_sns_fn
FNDA:1,sscanf_upeer_hex_spaces_tabs_sns_fn
FN:1281,sscanf_upeer_hex_short_fn
FNDA:1,sscanf_upeer_hex_short_fn
FN:1293,sscanf_upeer_hex_long_fn
FNDA:1,sscanf_upeer_hex_long_fn
FN:1305,sscanf_upeer_hex_longlong_fn
FNDA:1,sscanf_upeer_hex_longlong_fn
FN:1317,sscanf_upeer_hex_2x_fn
FNDA:1,sscanf_upeer_hex_2x_fn
FN:1329,sscanf_upeer_hex_star_fn
FNDA:1,sscanf_upeer_hex_star_fn
FN:1339,sscanf_upeer_hex_nohex_fn
FNDA:1,sscanf_upeer_hex_nohex_fn
FN:1350,sscanf_upeer_hex_lower_fn
FNDA:1,sscanf_upeer_hex_lower_fn
FN:1362,sscanf_upeer_hex_sign_fn
FNDA:1,sscanf_upeer_hex_sign_fn
FN:1374,sscanf_lower_hex_base_version_fn
FNDA:1,sscanf_lower_hex_base_version_fn
FN:1386,sscanf_lower_hex_0x_fn
FNDA:1,sscanf_lower_hex_0x_fn
FN:1398,sscanf_lower_hex_0X_fn
FNDA:1,sscanf_lower_hex_0X_fn
FN:1410,sscanf_lower_hex_empty_fn
FNDA:1,sscanf_lower_hex_empty_fn
FN:1421,sscanf_lower_hex_fail_fn
FNDA:1,sscanf_lower_hex_fail_fn
FN:1432,sscanf_lower_hex_spaces_tabs_sns_fn
FNDA:1,sscanf_lower_hex_spaces_tabs_sns_fn
FN:1444,sscanf_lower_hex_short_fn
FNDA:1,sscanf_lower_hex_short_fn
FN:1456,sscanf_lower_hex_long_fn
FNDA:1,sscanf_lower_hex_long_fn
FN:1468,sscanf_lower_hex_2x_fn
FNDA:1,sscanf_lower_hex_2x_fn
FN:1480,sscanf_lower_hex_star_fn
FNDA:1,sscanf_lower_hex_star_fn
FN:1490,sscanf_lower_hex_nohex_fn
FNDA:1,sscanf_lower_hex_nohex_fn
FN:1501,sscanf_lower_hex_lower_fn
FNDA:1,sscanf_lower_hex_lower_fn
FN:1513,sscanf_lower_hex_sign_fn
FNDA:1,sscanf_lower_hex_sign_fn
FN:1525,upper_hex_len_fn
FNDA:1,upper_hex_len_fn
FN:1537,sscanf_lower_hex_len_fn
FNDA:1,sscanf_lower_hex_len_fn
FN:1549,sscanf_octal_base_version_fn
FNDA:1,sscanf_octal_base_version_fn
FN:1561,sscanf_octal_overflow_fn
FNDA:1,sscanf_octal_overflow_fn
FN:1573,sscanf_octal_0x_fn
FNDA:1,sscanf_octal_0x_fn
FN:1585,sscanf_octal_0X_fn
FNDA:1,sscanf_octal_0X_fn
FN:1597,sscanf_octal_empty_fn
FNDA:1,sscanf_octal_empty_fn
FN:1608,sscanf_octal_fail_fn
FNDA:1,sscanf_octal_fail_fn
FN:1619,sscanf_octal_spaces_tabs_sns_fn
FNDA:1,sscanf_octal_spaces_tabs_sns_fn
FN:1631,sscanf_octal_short_fn
FNDA:1,sscanf_octal_short_fn
FN:1643,sscanf_octal_long_fn
FNDA:1,sscanf_octal_long_fn
FN:1655,sscanf_octal_longlong_fn
FNDA:1,sscanf_octal_longlong_fn
FN:1667,sscanf_octal_2x_fn
FNDA:1,sscanf_octal_2x_fn
FN:1679,sscanf_octal_star_fn
FNDA:1,sscanf_octal_star_fn
FN:1689,sscanf_octal_nohex_fn
FNDA:1,sscanf_octal_nohex_fn
FN:1700,sscanf_octal_lower_fn
FNDA:1,sscanf_octal_lower_fn
FN:1712,sscanf_octal_sign_fn
FNDA:1,sscanf_octal_sign_fn
FN:1724,sscanf_octal_len_fn
FNDA:1,sscanf_octal_len_fn
FN:1736,sscanf_pointer1_fn
FNDA:1,sscanf_pointer1_fn
FN:1752,sscanf_pointer2_fn
FNDA:1,sscanf_pointer2_fn
FN:1768,sscanf_pointer3_fn
FNDA:1,sscanf_pointer3_fn
FN:1784,sscanf_pointer4_fn
FNDA:1,sscanf_pointer4_fn
FN:1800,sscanf_perc1_fn
FNDA:1,sscanf_perc1_fn
FN:1816,sscanf_perc2_fn
FNDA:1,sscanf_perc2_fn
FN:1832,sscanf_perc3_fn
FNDA:1,sscanf_perc3_fn
FN:1845,sscanf_perc4_fn
FNDA:1,sscanf_perc4_fn
FN:1855,sscanf_perc5_fn
FNDA:1,sscanf_perc5_fn
FN:1870,sscanf_mixed_ptrs1_fn
FNDA:1,sscanf_mixed_ptrs1_fn
FN:1887,sscanf_mixed_ptrs2_fn
FNDA:1,sscanf_mixed_ptrs2_fn
FN:1904,sscanf_mixed_ptrs3_fn
FNDA:1,sscanf_mixed_ptrs3_fn
FN:1921,sscanf_mixed_ptrs4_fn
FNDA:1,sscanf_mixed_ptrs4_fn
FN:1938,sscanf_mixed_ptrs5_fn
FNDA:1,sscanf_mixed_ptrs5_fn
FN:1955,sscanf_hard1_fn
FNDA:1,sscanf_hard1_fn
FN:1975,sscanf_hard2_fn
FNDA:1,sscanf_hard2_fn
FN:1997,suite_sscanf
FNDA:1,suite_sscanf
FNF:130
FNH:130
DA:5,1
DA:6,1
DA:7,1
DA:9,1
DA:10,1
DA:11,1
DA:12,1
DA:15,1
DA:16,1
DA:17,1
DA:18,1
DA:20,1
DA:21,1
DA:22,1
DA:23,1
DA:26,1
DA:27,1
DA:28,1
DA:29,1
DA:31,1
DA:32,1
DA:33,1
DA:34,1
DA:37,1
DA:38,1
DA:39,1
DA:40,1
DA:42,1
DA:44,1
DA:46,1
DA:47,1
DA:48,1
DA:49,1
DA:50,1
DA:51,1
DA:54,1
DA:55,1
DA:56,1
DA:57,1
DA:59,1
DA:61,1
DA:63,1
DA:64,1
DA:65,1
DA:66,1
DA:67,1
DA:68,1
DA:71,1
DA:72,1
DA:73,1
DA:74,1
DA:76,1
DA:77,1
DA:79,1
DA:80,1
DA:81,1
DA:82,1
DA:83,1
DA:84,1
DA:87,1
DA:88,1
DA:89,1
DA:90,1
DA:92,1
DA:94,1
DA:96,1
DA:97,1
DA:98,1
DA:99,1
DA:100,1
DA:101,1
DA:104,1
DA:105,1
DA:106,1
DA:107,1
DA:109,1
DA:111,1
DA:113,1
DA:114,1
DA:115,1
DA:116,1
DA:117,1
DA:118,1
DA:121,1
DA:122,1
DA:123,1
DA:124,1
DA:126,1
DA:127,1
DA:129,1
DA:130,1
DA:131,1
DA:132,1
DA:133,1
DA:134,1
DA:137,1
DA:138,1
DA:139,1
DA:140,1
DA:142,1
DA:143,1
DA:145,1
DA:146,1
DA:147,1
DA:148,1
DA:149,1
DA:150,1
DA:153,1
DA:154,1
DA:155,1
DA:156,1
DA:158,1
DA:160,1
DA:162,1
DA:163,1
DA:164,1
DA:165,1
DA:166,1
DA:169,1
DA:170,1
DA:171,1
DA:172,1
DA:174,1
DA:175,1
DA:177,1
DA:178,1
DA:179,1
DA:180,1
DA:181,1
DA:182,1
DA:185,1
DA:186,1
DA:187,1
DA:188,1
DA:190,1
DA:191,1
DA:193,1
DA:194,1
DA:195,1
DA:196,1
DA:197,1
DA:198,1
DA:201,1
DA:202,1
DA:203,1
DA:204,1
DA:206,1
DA:207,1
DA:209,1
DA:210,1
DA:211,1
DA:212,1
DA:213,1
DA:214,1
DA:217,1
DA:218,1
DA:219,1
DA:220,1
DA:222,1
DA:223,1
DA:225,1
DA:226,1
DA:227,1
DA:228,1
DA:229,1
DA:230,1
DA:233,1
DA:234,1
DA:235,1
DA:236,1
DA:238,1
DA:239,1
DA:241,1
DA:242,1
DA:243,1
DA:246,1
DA:247,1
DA:248,1
DA:249,1
DA:251,1
DA:252,1
DA:254,1
DA:255,1
DA:256,1
DA:259,1
DA:260,1
DA:261,1
DA:262,1
DA:264,1
DA:265,1
DA:267,1
DA:268,1
DA:269,1
DA:272,1
DA:273,1
DA:274,1
DA:275,1
DA:277,1
DA:278,1
DA:280,1
DA:281,1
DA:282,1
DA:283,1
DA:284,1
DA:285,1
DA:288,1
DA:289,1
DA:290,1
DA:291,1
DA:293,1
DA:294,1
DA:296,1
DA:297,1
DA:298,1
DA:299,1
DA:300,1
DA:301,1
DA:304,1
DA:305,1
DA:306,1
DA:307,1
DA:309,1
DA:310,1
DA:312,1
DA:313,1
DA:314,1
DA:315,1
DA:316,1
DA:317,1
DA:320,1
DA:321,1
DA:322,1
DA:323,1
DA:325,1
DA:326,1
DA:328,1
DA:329,1
DA:330,1
DA:331,1
DA:332,1
DA:333,1
DA:336,1
DA:337,1
DA:338,1
DA:339,1
DA:341,1
DA:342,1
DA:344,1
DA:345,1
DA:346,1
DA:347,1
DA:348,1
DA:349,1
DA:352,1
DA:353,1
DA:354,1
DA:355,1
DA:357,1
DA:358,1
DA:360,1
DA:361,1
DA:362,1
DA:363,1
DA:364,1
DA:365,1
DA:368,1
DA:369,1
DA:370,1
DA:371,1
DA:373,1
DA:374,1
DA:376,1
DA:377,1
DA:378,1
DA:379,1
DA:380,1
DA:381,1
DA:384,1
DA:385,1
DA:386,1
DA:387,1
DA:389,1
DA:390,1
DA:392,1
DA:393,1
DA:394,1
DA:395,1
DA:396,1
DA:399,1
DA:400,1
DA:401,1
DA:402,1
DA:404,1
DA:405,1
DA:407,1
DA:408,1
DA:409,1
DA:410,1
DA:411,1
DA:412,1
DA:415,1
DA:416,1
DA:417,1
DA:418,1
DA:420,1
DA:421,1
DA:423,1
DA:424,1
DA:425,1
DA:426,1
DA:427,1
DA:428,1
DA:431,1
DA:432,1
DA:433,1
DA:434,1
DA:436,1
DA:437,1
DA:439,1
DA:440,1
DA:441,1
DA:442,1
DA:443,1
DA:444,1
DA:447,1
DA:448,1
DA:449,1
DA:450,1
DA:452,1
DA:453,1
DA:455,1
DA:456,1
DA:457,1
DA:458,1
DA:459,1
DA:460,1
DA:463,1
DA:464,1
DA:465,1
DA:466,1
DA:468,1
DA:469,1
DA:471,1
DA:472,1
DA:473,1
DA:474,1
DA:475,1
DA:476,1
DA:479,1
DA:480,1
DA:481,1
DA:482,1
DA:484,1
DA:485,1
DA:487,1
DA:488,1
DA:489,1
DA:490,1
DA:491,1
DA:492,1
DA:495,1
DA:496,1
DA:497,1
DA:498,1
DA:500,1
DA:501,1
DA:503,1
DA:504,1
DA:505,1
DA:506,1
DA:507,1
DA:508,1
DA:511,1
DA:512,1
DA:513,1
DA:514,1
DA:516,1
DA:517,1
DA:519,1
DA:520,1
DA:521,1
DA:522,1
DA:523,1
DA:524,1
DA:527,1
DA:528,1
DA:529,1
DA:530,1
DA:532,1
DA:533,1
DA:535,1
DA:536,1
DA:537,1
DA:538,1
DA:539,1
DA:540,1
DA:543,1
DA:544,1
DA:545,1
DA:546,1
DA:547,1
DA:549,1
DA:550,1
DA:552,1
DA:553,1
DA:554,1
DA:555,1
DA:556,1
DA:557,1
DA:560,1
DA:561,1
DA:562,1
DA:563,1
DA:565,1
DA:566,1
DA:568,1
DA:569,1
DA:570,1
DA:571,1
DA:572,1
DA:573,1
DA:576,1
DA:577,1
DA:578,1
DA:579,1
DA:581,1
DA:582,1
DA:584,1
DA:585,1
DA:586,1
DA:587,1
DA:588,1
DA:589,1
DA:592,1
DA:593,1
DA:594,1
DA:595,1
DA:597,1
DA:598,1
DA:600,1
DA:601,1
DA:602,1
DA:603,1
DA:604,1
DA:605,1
DA:608,1
DA:609,1
DA:610,1
DA:611,1
DA:613,1
DA:614,1
DA:616,1
DA:617,1
DA:618,1
DA:619,1
DA:620,1
DA:621,1
DA:624,1
DA:625,1
DA:626,1
DA:627,1
DA:629,1
DA:630,1
DA:632,1
DA:633,1
DA:634,1
DA:635,1
DA:636,1
DA:637,1
DA:641,1
DA:642,1
DA:643,1
DA:644,1
DA:645,1
DA:647,1
DA:648,1
DA:649,1
DA:650,1
DA:652,1
DA:653,1
DA:655,1
DA:656,1
DA:658,1
DA:660,1
DA:661,1
DA:662,1
DA:663,1
DA:664,1
DA:667,1
DA:668,1
DA:669,1
DA:670,1
DA:671,1
DA:673,1
DA:674,1
DA:675,1
DA:676,1
DA:678,1
DA:680,1
DA:681,1
DA:683,1
DA:684,1
DA:686,1
DA:687,1
DA:688,1
DA:689,1
DA:690,1
DA:692,1
DA:693,1
DA:694,1
DA:695,1
DA:696,1
DA:699,1
DA:700,1
DA:701,1
DA:702,1
DA:703,1
DA:705,1
DA:706,1
DA:707,1
DA:708,1
DA:710,1
DA:711,1
DA:713,1
DA:714,1
DA:716,1
DA:718,1
DA:719,1
DA:720,1
DA:721,1
DA:722,1
DA:725,1
DA:726,1
DA:727,1
DA:728,1
DA:729,1
DA:731,1
DA:732,1
DA:733,1
DA:734,1
DA:736,1
DA:737,1
DA:739,1
DA:740,1
DA:742,1
DA:744,1
DA:745,1
DA:746,1
DA:747,1
DA:748,1
DA:751,1
DA:752,1
DA:753,1
DA:754,1
DA:755,1
DA:757,1
DA:758,1
DA:759,1
DA:760,1
DA:762,1
DA:763,1
DA:765,1
DA:766,1
DA:768,1
DA:770,1
DA:771,1
DA:772,1
DA:773,1
DA:774,1
DA:777,1
DA:778,1
DA:779,1
DA:780,1
DA:781,1
DA:783,1
DA:784,1
DA:785,1
DA:786,1
DA:788,1
DA:789,1
DA:791,1
DA:792,1
DA:794,1
DA:796,1
DA:797,1
DA:798,1
DA:799,1
DA:800,1
DA:803,1
DA:804,1
DA:805,1
DA:806,1
DA:807,1
DA:809,1
DA:810,1
DA:811,1
DA:812,1
DA:814,1
DA:815,1
DA:817,1
DA:818,1
DA:820,1
DA:822,1
DA:823,1
DA:824,1
DA:825,1
DA:826,1
DA:830,1
DA:831,1
DA:832,1
DA:833,1
DA:835,1
DA:838,1
DA:840,1
DA:841,1
DA:842,1
DA:843,1
DA:844,1
DA:845,1
DA:846,1
DA:847,1
DA:848,1
DA:849,1
DA:851,1
DA:852,1
DA:854,1
DA:855,1
DA:856,1
DA:857,1
DA:858,1
DA:859,1
DA:860,1
DA:861,1
DA:862,1
DA:865,1
DA:866,1
DA:869,1
DA:870,1
DA:872,1
DA:873,1
DA:874,1
DA:875,1
DA:876,1
DA:877,1
DA:879,1
DA:880,1
DA:882,1
DA:883,1
DA:884,1
DA:885,1
DA:886,1
DA:887,1
DA:888,1
DA:889,1
DA:893,1
DA:894,1
DA:895,1
DA:897,1
DA:898,1
DA:900,1
DA:901,1
DA:903,1
DA:904,1
DA:905,1
DA:906,1
DA:907,1
DA:908,1
DA:909,1
DA:912,1
DA:913,1
DA:915,1
DA:916,1
DA:917,1
DA:918,1
DA:919,1
DA:920,1
DA:922,1
DA:923,1
DA:925,1
DA:926,1
DA:928,1
DA:930,1
DA:931,1
DA:932,1
DA:933,1
DA:934,1
DA:937,1
DA:938,1
DA:940,1
DA:941,1
DA:943,1
DA:944,1
DA:946,1
DA:947,1
DA:948,1
DA:951,1
DA:952,1
DA:953,1
DA:955,1
DA:956,1
DA:958,1
DA:959,1
DA:961,1
DA:962,1
DA:963,1
DA:964,1
DA:965,1
DA:966,1
DA:967,1
DA:970,1
DA:971,1
DA:972,1
DA:974,1
DA:975,1
DA:977,1
DA:978,1
DA:980,1
DA:981,1
DA:982,1
DA:983,1
DA:984,1
DA:985,1
DA:986,1
DA:990,1
DA:991,1
DA:993,1
DA:994,1
DA:996,1
DA:997,1
DA:999,1
DA:1000,1
DA:1001,1
DA:1002,1
DA:1003,1
DA:1004,1
DA:1007,1
DA:1008,1
DA:1010,1
DA:1011,1
DA:1013,1
DA:1014,1
DA:1016,1
DA:1017,1
DA:1018,1
DA:1019,1
DA:1020,1
DA:1021,1
DA:1024,1
DA:1025,1
DA:1027,1
DA:1028,1
DA:1030,1
DA:1031,1
DA:1033,1
DA:1034,1
DA:1035,1
DA:1036,1
DA:1037,1
DA:1038,1
DA:1041,1
DA:1042,1
DA:1044,1
DA:1045,1
DA:1047,1
DA:1048,1
DA:1050,1
DA:1051,1
DA:1052,1
DA:1053,1
DA:1054,1
DA:1055,1
DA:1058,1
DA:1059,1
DA:1061,1
DA:1062,1
DA:1064,1
DA:1065,1
DA:1067,1
DA:1068,1
DA:1069,1
DA:1070,1
DA:1071,1
DA:1074,1
DA:1075,1
DA:1077,1
DA:1078,1
DA:1080,1
DA:1081,1
DA:1083,1
DA:1084,1
DA:1085,1
DA:1086,1
DA:1087,1
DA:1088,1
DA:1092,1
DA:1093,1
DA:1094,1
DA:1095,1
DA:1097,1
DA:1098,1
DA:1100,1
DA:1101,1
DA:1102,1
DA:1103,1
DA:1104,1
DA:1105,1
DA:1108,1
DA:1109,1
DA:1110,1
DA:1111,1
DA:1112,1
DA:1114,1
DA:1115,1
DA:1117,1
DA:1118,1
DA:1119,1
DA:1120,1
DA:1121,1
DA:1122,1
DA:1125,1
DA:1126,1
DA:1127,1
DA:1130,1
DA:1133,1
DA:1135,1
DA:1136,1
DA:1138,1
DA:1139,1
DA:1141,1
DA:1142,1
DA:1143,1
DA:1144,1
DA:1145,1
DA:1146,1
DA:1147,1
DA:1148,1
DA:1151,1
DA:1152,1
DA:1153,1
DA:1154,1
DA:1156,1
DA:1157,1
DA:1159,1
DA:1160,1
DA:1161,1
DA:1162,1
DA:1163,1
DA:1164,1
DA:1167,1
DA:1168,1
DA:1169,1
DA:1170,1
DA:1172,1
DA:1173,1
DA:1175,1
DA:1176,1
DA:1177,1
DA:1178,1
DA:1179,1
DA:1180,1
DA:1183,1
DA:1184,1
DA:1185,1
DA:1186,1
DA:1188,1
DA:1189,1
DA:1191,1
DA:1192,1
DA:1193,1
DA:1194,1
DA:1195,1
DA:1196,1
DA:1199,1
DA:1201,1
DA:1202,1
DA:1203,1
DA:1204,1
DA:1206,1
DA:1207,1
DA:1208,1
DA:1211,1
DA:1213,1
DA:1214,1
DA:1215,1
DA:1216,1
DA:1218,1
DA:1219,1
DA:1220,1
DA:1223,1
DA:1225,1
DA:1226,1
DA:1227,1
DA:1228,1
DA:1230,1
DA:1231,1
DA:1232,1
DA:1235,1
DA:1237,1
DA:1238,1
DA:1239,1
DA:1240,1
DA:1242,1
DA:1243,1
DA:1244,1
DA:1247,1
DA:1249,1
DA:1250,1
DA:1251,1
DA:1252,1
DA:1254,1
DA:1255,1
DA:1258,1
DA:1260,1
DA:1261,1
DA:1262,1
DA:1263,1
DA:1265,1
DA:1266,1
DA:1269,1
DA:1271,1
DA:1272,1
DA:1273,1
DA:1274,1
DA:1276,1
DA:1277,1
DA:1278,1
DA:1281,1
DA:1283,1
DA:1284,1
DA:1285,1
DA:1286,1
DA:1288,1
DA:1289,1
DA:1290,1
DA:1293,1
DA:1295,1
DA:1296,1
DA:1297,1
DA:1298,1
DA:1300,1
DA:1301,1
DA:1302,1
DA:1305,1
DA:1307,1
DA:1308,1
DA:1309,1
DA:1310,1
DA:1312,1
DA:1313,1
DA:1314,1
DA:1317,1
DA:1319,1
DA:1320,1
DA:1321,1
DA:1322,1
DA:1324,1
DA:1325,1
DA:1326,1
DA:1329,1
DA:1330,1
DA:1331,1
DA:1332,1
DA:1333,1
DA:1335,1
DA:1336,1
DA:1339,1
DA:1341,1
DA:1342,1
DA:1343,1
DA:1344,1
DA:1346,1
DA:1347,1
DA:1350,1
DA:1352,1
DA:1353,1
DA:1354,1
DA:1355,1
DA:1357,1
DA:1358,1
DA:1359,1
DA:1362,1
DA:1364,1
DA:1365,1
DA:1366,1
DA:1367,1
DA:1369,1
DA:1370,1
DA:1371,1
DA:1374,1
DA:1376,1
DA:1377,1
DA:1378,1
DA:1379,1
DA:1381,1
DA:1382,1
DA:1383,1
DA:1386,1
DA:1388,1
DA:1389,1
DA:1390,1
DA:1391,1
DA:1393,1
DA:1394,1
DA:1395,1
DA:1398,1
DA:1400,1
DA:1401,1
DA:1402,1
DA:1403,1
DA:1405,1
DA:1406,1
DA:1407,1
DA:1410,1
DA:1412,1
DA:1413,1
DA:1414,1
DA:1415,1
DA:1417,1
DA:1418,1
DA:1421,1
DA:1423,1
DA:1424,1
DA:1425,1
DA:1426,1
DA:1428,1
DA:1429,1
DA:1432,1
DA:1434,1
DA:1435,1
DA:1436,1
DA:1437,1
DA:1439,1
DA:1440,1
DA:1441,1
DA:1444,1
DA:1446,1
DA:1447,1
DA:1448,1
DA:1449,1
DA:1451,1
DA:1452,1
DA:1453,1
DA:1456,1
DA:1458,1
DA:1459,1
DA:1460,1
DA:1461,1
DA:1463,1
DA:1464,1
DA:1465,1
DA:1468,1
DA:1470,1
DA:1471,1
DA:1472,1
DA:1473,1
DA:1475,1
DA:1476,1
DA:1477,1
DA:1480,1
DA:1481,1
DA:1482,1
DA:1483,1
DA:1484,1
DA:1486,1
DA:1487,1
DA:1490,1
DA:1492,1
DA:1493,1
DA:1494,1
DA:1495,1
DA:1497,1
DA:1498,1
DA:1501,1
DA:1503,1
DA:1504,1
DA:1505,1
DA:1506,1
DA:1508,1
DA:1509,1
DA:1510,1
DA:1513,1
DA:1515,1
DA:1516,1
DA:1517,1
DA:1518,1
DA:1520,1
DA:1521,1
DA:1522,1
DA:1525,1
DA:1527,1
DA:1528,1
DA:1529,1
DA:1530,1
DA:1532,1
DA:1533,1
DA:1534,1
DA:1537,1
DA:1539,1
DA:1540,1
DA:1541,1
DA:1542,1
DA:1544,1
DA:1545,1
DA:1546,1
DA:1549,1
DA:1551,1
DA:1552,1
DA:1553,1
DA:1554,1
DA:1556,1
DA:1557,1
DA:1558,1
DA:1561,1
DA:1563,1
DA:1564,1
DA:1565,1
DA:1566,1
DA:1568,1
DA:1569,1
DA:1570,1
DA:1573,1
DA:1575,1
DA:1576,1
DA:1577,1
DA:1578,1
DA:1580,1
DA:1581,1
DA:1582,1
DA:1585,1
DA:1587,1
DA:1588,1
DA:1589,1
DA:1590,1
DA:1592,1
DA:1593,1
DA:1594,1
DA:1597,1
DA:1599,1
DA:1600,1
DA:1601,1
DA:1602,1
DA:1604,1
DA:1605,1
DA:1608,1
DA:1610,1
DA:1611,1
DA:1612,1
DA:1613,1
DA:1615,1
DA:1616,1
DA:1619,1
DA:1621,1
DA:1622,1
DA:1623,1
DA:1624,1
DA:1626,1
DA:1627,1
DA:1628,1
DA:1631,1
DA:1633,1
DA:1634,1
DA:1635,1
DA:1636,1
DA:1638,1
DA:1639,1
[...]
FNDA:1,strerror_negative_err_code_fn
FN:43,suite_strerror
FNDA:1,suite_strerror
FNF:7
FNH:7
DA:3,1
DA:4,1
DA:5,1
DA:6,1
DA:9,1
DA:10,1
DA:11,1
DA:12,1
DA:15,1
DA:16,1
DA:17,1
DA:18,1
DA:21,1
DA:22,1
DA:23,1
DA:24,1
DA:27,1
DA:28,1151
DA:29,1150
DA:30,1150
DA:31,1150
DA:33,1
DA:36,1
DA:37,1
DA:38,1
DA:39,1
DA:40,1
DA:43,1
DA:44,1
DA:45,1
DA:46,1
DA:47,1
DA:48,1
DA:49,1
DA:50,1
DA:51,1
DA:53,1
DA:54,1
LF:38
LH:38
end_of_record
TN:test
SF:/Users/nightpro/C2_s21_stringplus-0/src/tests/strlen_test.c
FN:3,strlen_1_fn
FNDA:1,strlen_1_fn
FN:9,strlen_2_fn
FNDA:1,strlen_2_fn
FN:15,strlen_3_fn
FNDA:1,strlen_3_fn
FN:21,strlen_empty_fn
FNDA:1,strlen_empty_fn
FN:27,strlen_abosal_fn
FNDA:1,strlen_abosal_fn
FN:33,strlen_num_fn
FNDA:1,strlen_num_fn
FN:39,strlen_string_fn
FNDA:1,strlen_string_fn
FN:46,strlen_abosal_no_dal_fn
FNDA:1,strlen_abosal_no_dal_fn
FN:52,strlen_dai_mne_pen_fn
FNDA:1,strlen_dai_mne_pen_fn
FN:58,strlen_Floppy_disk_fn
FNDA:1,strlen_Floppy_disk_fn
FN:64,strlen_Russky_kot_Shlepa_fn
FNDA:1,strlen_Russky_kot_Shlepa_fn
FN:70,strlen_kot_Vasily_fn
FNDA:1,strlen_kot_Vasily_fn
FN:76,strlen_floppa_fn
FNDA:1,strlen_floppa_fn
FN:82,suite_strlen
FNDA:1,suite_strlen
FNF:14
FNH:14
DA:3,1
DA:4,1
DA:5,1
DA:6,1
DA:9,1
DA:10,1
DA:11,1
DA:12,1
DA:15,1
DA:16,1
DA:17,1
DA:18,1
DA:21,1
DA:22,1
DA:23,1
DA:24,1
DA:27,1
DA:28,1
DA:29,1
DA:30,1
DA:33,1
DA:34,1
DA:35,1
DA:36,1
DA:39,1
DA:40,1
DA:42,1
DA:43,1
DA:46,1
DA:47,1
DA:48,1
DA:49,1
DA:52,1
DA:53,1
DA:54,1
DA:55,1
DA:58,1
DA:59,1
DA:60,1
DA:61,1
DA:64,1
DA:65,1
DA:66,1
DA:67,1
DA:70,1
DA:71,1
DA:72,1
DA:73,1
DA:76,1
DA:77,1
DA:78,1
DA:79,1
DA:82,1
DA:83,1
DA:84,1
DA:85,1
DA:86,1
DA:87,1
DA:88,1
DA:89,1
DA:90,1
DA:91,1
DA:92,1
DA:93,1
DA:94,1
DA:95,1
DA:96,1
DA:97,1
DA:98,1
DA:99,1
LF:70
LH:70
end_of_record
TN:test
SF:/Users/nightpro/C2_s21_stringplus-0/src/tests/strncat_test.c
FN:3,strncat_1_fn
FNDA:1,strncat_1_fn
FN:12,strncat_2_fn
FNDA:1,strncat_2_fn
FN:21,strncat_3_fn
FNDA:1,strncat_3_fn
FN:30,strncat_all_empty_fn
FNDA:1,strncat_all_empty_fn
FN:41,strncat_zero_byte_fn
FNDA:1,strncat_zero_byte_fn
FN:52,strncat_empty_src_fn
FNDA:1,strncat_empty_src_fn
FN:63,strncat_cd_abosa_fn
FNDA:1,strncat_cd_abosa_fn
FN:74,strncat_string_fn
FNDA:1,strncat_string_fn
FN:85,strncat_BIGFLOPPA_fn
FNDA:1,strncat_BIGFLOPPA_fn
FN:96,strncat_BIGFLOPPA2_fn
FNDA:1,strncat_BIGFLOPPA2_fn
FN:107,strncat_BIGFLOPPA3_fn
FNDA:1,strncat_BIGFLOPPA3_fn
FN:118,strncat_BIGFLOPPA4_fn
FNDA:1,strncat_BIGFLOPPA4_fn
FN:129,strncat_zero_char_fn
FNDA:1,strncat_zero_char_fn
FN:140,suite_strncat
FNDA:1,suite_strncat
FNF:14
FNH:14
DA:3,1
DA:4,1
DA:5,1
DA:6,1
DA:7,1
DA:8,1
DA:9,1
DA:12,1
DA:13,1
DA:14,1
DA:15,1
DA:16,1
DA:17,1
DA:18,1
DA:21,1
DA:22,1
DA:23,1
DA:24,1
DA:25,1
DA:26,1
DA:27,1
DA:30,1
DA:31,1
DA:32,1
DA:33,1
DA:34,1
DA:35,1
DA:36,1
DA:37,1
DA:38,1
DA:41,1
DA:42,1
DA:43,1
DA:44,1
DA:45,1
DA:46,1
DA:47,1
DA:48,1
DA:49,1
DA:52,1
DA:53,1
DA:54,1
DA:55,1
DA:56,1
DA:57,1
DA:58,1
DA:59,1
DA:60,1
DA:63,1
DA:64,1
DA:65,1
DA:66,1
DA:67,1
DA:68,1
DA:69,1
DA:70,6
DA:71,1
DA:74,1
DA:75,1
DA:76,1
DA:77,1
DA:78,1
DA:79,1
DA:80,1
DA:81,7
DA:82,1
DA:85,1
DA:86,1
DA:87,1
DA:88,1
DA:89,1
DA:90,1
DA:91,1
DA:92,6
DA:93,1
DA:96,1
DA:97,1
DA:98,1
DA:99,1
DA:100,1
DA:101,1
DA:102,1
DA:103,1
DA:104,1
DA:107,1
DA:108,1
DA:109,1
DA:110,1
DA:111,1
DA:112,1
DA:113,1
DA:114,2
DA:115,1
DA:118,1
DA:119,1
DA:120,1
DA:121,1
DA:122,1
DA:123,1
DA:124,1
DA:125,11
DA:126,1
DA:129,1
DA:130,1
DA:131,1
DA:132,1
DA:133,1
DA:134,1
DA:135,1
DA:136,2
DA:137,1
DA:140,1
DA:141,1
DA:142,1
DA:143,1
DA:144,1
DA:145,1
DA:146,1
DA:147,1
DA:148,1
DA:149,1
DA:150,1
DA:151,1
DA:152,1
DA:153,1
DA:154,1
DA:155,1
DA:157,1
DA:158,1
LF:129
LH:129
end_of_record
TN:test
SF:/Users/nightpro/C2_s21_stringplus-0/src/tests/strncmp_test.c
FN:3,strncmp_empty_fn
FNDA:1,strncmp_empty_fn
FN:17,strncmp_floppa__fn
FNDA:1,strncmp_floppa__fn
FN:31,strncmp__floppa_fn
FNDA:1,strncmp__floppa_fn
FN:45,strncmp_floppa_floppa_fn
FNDA:1,strncmp_floppa_floppa_fn
FN:59,strncmp_floppa_floppa_zero_byte_fn
FNDA:1,strncmp_floppa_floppa_zero_byte_fn
FN:73,strncmp_floppa_floppa_one_byte_fn
FNDA:1,strncmp_floppa_floppa_one_byte_fn
FN:87,strncmp_1_fn
FNDA:1,strncmp_1_fn
FN:106,strncmp_2_fn
FNDA:1,strncmp_2_fn
FN:125,strncmp_3_fn
FNDA:1,strncmp_3_fn
FN:144,suite_strncmp
FNDA:1,suite_strncmp
FNF:10
FNH:10
DA:3,1
DA:4,1
DA:5,1
DA:6,1
DA:7,1
DA:8,1
DA:9,1
DA:10,1
DA:11,1
DA:12,1
DA:13,1
DA:14,1
DA:17,1
DA:18,1
DA:19,1
DA:20,1
DA:21,1
DA:22,1
DA:23,1
DA:24,1
DA:25,1
DA:26,1
DA:27,1
DA:28,1
DA:31,1
DA:32,1
DA:33,1
DA:34,1
DA:35,1
DA:36,1
DA:37,1
DA:38,1
DA:39,1
DA:40,1
DA:41,1
DA:42,1
DA:45,1
DA:46,1
DA:47,1
DA:48,1
DA:49,1
DA:50,1
DA:51,1
DA:52,1
DA:53,1
DA:54,1
DA:55,1
DA:56,1
DA:59,1
DA:60,1
DA:61,1
DA:62,1
DA:63,1
DA:64,1
DA:65,1
DA:66,1
DA:67,1
DA:68,1
DA:69,1
DA:70,1
DA:73,1
DA:74,1
DA:75,1
DA:76,1
DA:77,1
DA:78,1
DA:79,1
DA:80,1
DA:81,1
DA:82,1
DA:83,1
DA:84,1
DA:87,1
DA:88,1
DA:89,1
DA:90,1
DA:91,1
DA:92,1
DA:93,1
DA:94,0
DA:95,1
DA:96,0
DA:98,1
DA:99,0
DA:100,1
DA:101,0
DA:102,1
DA:103,1
DA:106,1
DA:107,1
DA:108,1
DA:109,1
DA:110,1
DA:111,1
DA:112,1
DA:113,1
DA:114,0
DA:115,0
DA:117,1
DA:118,1
DA:119,0
DA:120,0
DA:121,1
DA:122,1
DA:125,1
DA:126,1
DA:127,1
DA:128,1
DA:129,1
DA:130,1
DA:131,1
DA:132,0
DA:133,1
DA:134,1
DA:136,1
DA:137,0
DA:138,1
DA:139,1
DA:140,1
DA:141,1
DA:144,1
DA:145,1
DA:146,1
DA:147,1
DA:148,1
DA:149,1
DA:150,1
DA:151,1
DA:152,1
DA:153,1
DA:154,1
DA:155,1
DA:156,1
DA:157,1
LF:134
LH:124
end_of_record
TN:test
SF:/Users/nightpro/C2_s21_stringplus-0/src/tests/strncpy_test.c
FN:3,strncpy_1_fn
FNDA:1,strncpy_1_fn
FN:12,strncpy_2_fn
FNDA:1,strncpy_2_fn
FN:21,strncpy_3_fn
FNDA:1,strncpy_3_fn
FN:30,strncpy_empty_fn
FNDA:1,strncpy_empty_fn
FN:41,strncpy_zero_byte_fn
FNDA:1,strncpy_zero_byte_fn
FN:52,strncpy_empty_src_fn
FNDA:1,strncpy_empty_src_fn
FN:63,strncpy_one_byte_fn
FNDA:1,strncpy_one_byte_fn
FN:74,strncpy_two_byte_fn
FNDA:1,strncpy_two_byte_fn
FN:85,strncpy_string_fn
FNDA:1,strncpy_string_fn
FN:96,suite_strncpy
FNDA:1,suite_strncpy
FNF:10
FNH:10
DA:3,1
DA:4,1
DA:5,1
DA:6,1
DA:7,1
DA:8,1
DA:9,1
DA:12,1
DA:13,1
DA:14,1
DA:15,1
DA:16,1
DA:17,1
DA:18,1
DA:21,1
DA:22,1
DA:23,1
DA:24,1
DA:25,1
DA:26,1
DA:27,1
DA:30,1
DA:31,1
DA:32,1
DA:33,1
DA:34,1
DA:35,1
DA:36,1
DA:37,1
DA:38,1
DA:41,1
DA:42,1
DA:43,1
DA:44,1
DA:45,1
DA:46,1
DA:47,1
DA:48,1
DA:49,1
DA:52,1
DA:53,1
DA:54,1
DA:55,1
DA:56,1
DA:57,1
DA:58,1
DA:59,1
DA:60,1
DA:63,1
DA:64,1
DA:65,1
DA:66,1
DA:67,1
DA:68,1
DA:69,1
DA:70,1
DA:71,1
DA:74,1
DA:75,1
DA:76,1
DA:77,1
DA:78,1
DA:79,1
DA:80,1
DA:81,1
DA:82,1
DA:85,1
DA:86,1
DA:87,1
DA:88,1
DA:89,1
DA:90,1
DA:91,1
DA:92,1
DA:93,1
DA:96,1
DA:97,1
DA:98,1
DA:99,1
DA:100,1
DA:101,1
DA:102,1
DA:103,1
DA:104,1
DA:105,1
DA:106,1
DA:107,1
DA:109,1
DA:110,1
LF:89
LH:89
end_of_record
TN:test
SF:/Users/nightpro/C2_s21_stringplus-0/src/tests/strpbrk_test.c
FN:3,strpbrk_1_fn
FNDA:1,strpbrk_1_fn
FN:9,strpbrk_2_fn
FNDA:1,strpbrk_2_fn
FN:15,strpbrk_3_fn
FNDA:1,strpbrk_3_fn
FN:21,strpbrk_empty_fn
FNDA:1,strpbrk_empty_fn
FN:28,strpbrk_floppy__fn
FNDA:1,strpbrk_floppy__fn
FN:35,strpbrk__floppy_fn
FNDA:1,strpbrk__floppy_fn
FN:42,strpbrk_poki_doki_o_fn
FNDA:1,strpbrk_poki_doki_o_fn
FN:49,strpbrk_poki_doki_i_fn
FNDA:1,strpbrk_poki_doki_i_fn
FN:56,strpbrk_poki_doki_p_fn
FNDA:1,strpbrk_poki_doki_p_fn
FN:63,strpbrk_find_big_P_fn
FNDA:1,strpbrk_find_big_P_fn
FN:70,strpbrk_find_zero_fn
FNDA:1,strpbrk_find_zero_fn
FN:77,suite_strpbrk
FNDA:1,suite_strpbrk
FNF:12
FNH:12
DA:3,1
DA:4,1
DA:5,1
DA:6,1
DA:9,1
DA:10,1
DA:11,1
DA:12,1
DA:15,1
DA:16,1
DA:17,1
DA:18,1
DA:21,1
DA:22,1
DA:23,1
DA:24,1
DA:25,1
DA:28,1
DA:29,1
DA:30,1
DA:31,1
DA:32,1
DA:35,1
DA:36,1
DA:37,1
DA:38,1
DA:39,1
DA:42,1
DA:43,1
DA:44,1
DA:45,1
DA:46,1
DA:49,1
DA:50,1
DA:51,1
DA:52,1
DA:53,1
DA:56,1
DA:57,1
DA:58,1
DA:59,1
DA:60,1
DA:63,1
DA:64,1
DA:65,1
DA:66,1
DA:67,1
DA:70,1
DA:71,1
DA:72,1
DA:73,1
DA:74,1
DA:77,1
DA:78,1
DA:79,1
DA:80,1
DA:81,1
DA:82,1
DA:83,1
DA:84,1
DA:85,1
DA:86,1
DA:87,1
DA:88,1
DA:89,1
DA:90,1
DA:91,1
DA:92,1
LF:68
LH:68
end_of_record
TN:test
SF:/Users/nightpro/C2_s21_stringplus-0/src/tests/strrchr_test.c
FN:3,strrchr_1_fn
FNDA:1,strrchr_1_fn
FN:9,strrchr_2_fn
FNDA:1,strrchr_2_fn
FN:15,strrchr_3_fn
FNDA:1,strrchr_3_fn
FN:21,strrchr_4_fn
FNDA:1,strrchr_4_fn
FN:27,strrchr_5_fn
FNDA:1,strrchr_5_fn
FN:33,strrchr_empty_fn
FNDA:1,strrchr_empty_fn
FN:40,strrchr_floppy__fn
FNDA:1,strrchr_floppy__fn
FN:47,strrchr__floppy_fn
FNDA:1,strrchr__floppy_fn
FN:54,strrchr_poki_doki_o_fn
FNDA:1,strrchr_poki_doki_o_fn
FN:61,strrchr_poki_doki_i_fn
FNDA:1,strrchr_poki_doki_i_fn
FN:68,strrchr_poki_doki_p_fn
FNDA:1,strrchr_poki_doki_p_fn
FN:75,strrchr_find_big_P_fn
FNDA:1,strrchr_find_big_P_fn
FN:82,strrchr_find_zero_fn
FNDA:1,strrchr_find_zero_fn
FN:89,suite_strrchr
FNDA:1,suite_strrchr
FNF:14
FNH:14
DA:3,1
DA:4,1
DA:5,1
DA:6,1
DA:9,1
DA:10,1
DA:11,1
DA:12,1
DA:15,1
DA:16,1
DA:17,1
DA:18,1
DA:21,1
DA:22,1
DA:23,1
DA:24,1
DA:27,1
DA:28,1
DA:29,1
DA:30,1
DA:33,1
DA:34,1
DA:35,1
DA:36,1
DA:37,0
DA:40,1
DA:41,1
DA:42,1
DA:43,1
DA:44,1
DA:47,1
DA:48,1
DA:49,1
DA:50,1
DA:51,1
DA:54,1
DA:55,1
DA:56,1
DA:57,1
DA:58,1
DA:61,1
DA:62,1
DA:63,1
DA:64,1
DA:65,1
DA:68,1
DA:69,1
DA:70,1
DA:71,1
DA:72,1
DA:75,1
DA:76,1
DA:77,1
DA:78,1
DA:79,1
DA:82,1
DA:83,1
DA:84,1
DA:85,1
DA:86,1
DA:89,1
DA:90,1
DA:91,1
DA:92,1
DA:93,1
DA:94,1
DA:95,1
DA:96,1
DA:97,1
DA:98,1
DA:99,1
DA:100,1
DA:101,1
DA:102,1
DA:103,1
DA:104,1
DA:106,1
DA:107,1
LF:78
LH:77
end_of_record
TN:test
SF:/Users/nightpro/C2_s21_stringplus-0/src/tests/strspn_test.c
FN:3,strspn_1_fn
FNDA:1,strspn_1_fn
FN:9,strspn_2_fn
FNDA:1,strspn_2_fn
FN:15,strspn_3_fn
FNDA:1,strspn_3_fn
FN:21,strspn_empty_fn
FNDA:1,strspn_empty_fn
FN:28,strspn_gora__fn
FNDA:1,strspn_gora__fn
FN:35,strspn__gora_fn
FNDA:1,strspn__gora_fn
FN:42,strspn_any_register_fn
FNDA:1,strspn_any_register_fn
FN:49,strspn_num_num_fn
FNDA:1,strspn_num_num_fn
FN:56,strspn_long_num_num_fn
FNDA:1,strspn_long_num_num_fn
FN:63,strspn_num_long_num_fn
FNDA:1,strspn_num_long_num_fn
FN:70,strspn_any_num_fn
FNDA:1,strspn_any_num_fn
FN:77,strspn_num_with_letter_fn
FNDA:1,strspn_num_with_letter_fn
FN:84,strspn_num_with_letter2_fn
FNDA:1,strspn_num_with_letter2_fn
FN:91,strspn_basic_test_fn
FNDA:1,strspn_basic_test_fn
FN:98,strspn_any_sim_fn
FNDA:1,strspn_any_sim_fn
FN:105,strspn_upper_letter_fn
FNDA:1,strspn_upper_letter_fn
FN:112,strspn_lower_letter_fn
FNDA:1,strspn_lower_letter_fn
FN:119,strspn_not_uniq_sim_fn
FNDA:1,strspn_not_uniq_sim_fn
FN:130,suite_strspn
FNDA:1,suite_strspn
FNF:19
FNH:19
DA:3,1
DA:4,1
DA:5,1
DA:6,1
DA:9,1
DA:10,1
DA:11,1
DA:12,1
DA:15,1
DA:16,1
DA:17,1
DA:18,1
DA:21,1
DA:22,1
DA:23,1
DA:24,1
DA:25,1
DA:28,1
DA:29,1
DA:30,1
DA:31,1
DA:32,1
DA:35,1
DA:36,1
DA:37,1
DA:38,1
DA:39,1
DA:42,1
DA:43,1
DA:44,1
DA:45,1
DA:46,1
DA:49,1
DA:50,1
DA:51,1
DA:52,1
DA:53,1
DA:56,1
DA:57,1
DA:58,1
DA:59,1
DA:60,1
DA:63,1
DA:64,1
DA:65,1
DA:66,1
DA:67,1
DA:70,1
DA:71,1
DA:72,1
DA:73,1
DA:74,1
DA:77,1
DA:78,1
DA:79,1
DA:80,1
DA:81,1
DA:84,1
DA:85,1
DA:86,1
DA:87,1
DA:88,1
DA:91,1
DA:92,1
DA:93,1
DA:94,1
DA:95,1
DA:98,1
DA:99,1
DA:100,1
DA:101,1
DA:102,1
DA:105,1
DA:106,1
DA:107,1
DA:108,1
DA:109,1
DA:112,1
DA:113,1
DA:114,1
DA:115,1
DA:116,1
DA:119,1
DA:120,1
DA:123,1
DA:126,1
DA:127,1
DA:130,1
DA:131,1
DA:132,1
DA:133,1
DA:134,1
DA:135,1
DA:136,1
DA:137,1
DA:138,1
DA:139,1
DA:140,1
DA:141,1
DA:142,1
DA:143,1
DA:144,1
DA:145,1
DA:146,1
DA:147,1
DA:148,1
DA:149,1
DA:150,1
DA:152,1
DA:153,1
LF:110
LH:110
end_of_record
TN:test
SF:/Users/nightpro/C2_s21_stringplus-0/src/tests/strstr_test.c
FN:3,strstr_1_fn
FNDA:1,strstr_1_fn
FN:9,strstr_2_fn
FNDA:1,strstr_2_fn
FN:15,strstr_3_fn
FNDA:1,strstr_3_fn
FN:21,strstr_empty_string_haystack_and_needle_fn
FNDA:1,strstr_empty_string_haystack_and_needle_fn
FN:28,strstr_empty_string_haystack_fn
FNDA:1,strstr_empty_string_haystack_fn
FN:35,strstr_empty_string_needle_fn
FNDA:1,strstr_empty_string_needle_fn
FN:42,strstr_toxic_test_fn
FNDA:1,strstr_toxic_test_fn
FN:49,strstr_not_word_in_haystack_fn
FNDA:1,strstr_not_word_in_haystack_fn
FN:56,strstr_words_with_any_register_fn
FNDA:1,strstr_words_with_any_register_fn
FN:63,strstr_repeated_words_fn
FNDA:1,strstr_repeated_words_fn
FN:70,strstr_word_at_end_fn
FNDA:1,strstr_word_at_end_fn
FN:77,strstr_one_simbol_in_needle_and_haystack_fn
FNDA:1,strstr_one_simbol_in_needle_and_haystack_fn
FN:84,strstr_one_simbol_in_needle_fn
FNDA:1,strstr_one_simbol_in_needle_fn
FN:92,strstr_one_simbol_in_haystack_fn
FNDA:1,strstr_one_simbol_in_haystack_fn
FN:99,suite_strstr
FNDA:1,suite_strstr
FNF:15
FNH:15
DA:3,1
DA:4,1
DA:5,1
DA:6,1
DA:9,1
DA:10,1
DA:11,1
DA:12,1
DA:15,1
DA:16,1
DA:17,1
DA:18,1
DA:21,1
DA:22,1
DA:23,1
DA:24,1
DA:25,1
DA:28,1
DA:29,1
DA:30,1
DA:31,1
DA:32,1
DA:35,1
DA:36,1
DA:37,1
DA:38,1
DA:39,1
DA:42,1
DA:43,1
DA:44,1
DA:45,1
DA:46,1
DA:49,1
DA:50,1
DA:51,1
DA:52,1
DA:53,1
DA:56,1
DA:57,1
DA:58,1
DA:59,1
DA:60,1
DA:63,1
DA:64,1
DA:65,1
DA:66,1
DA:67,1
DA:70,1
DA:71,1
DA:72,1
DA:73,1
DA:74,1
DA:77,1
DA:78,1
DA:79,1
DA:80,1
DA:81,1
DA:84,1
DA:85,1
DA:87,1
DA:88,1
DA:89,1
DA:92,1
DA:93,1
DA:94,1
DA:95,1
DA:96,1
DA:99,1
DA:100,1
DA:101,1
DA:102,1
DA:103,1
DA:104,1
DA:105,1
DA:106,1
DA:107,1
DA:108,1
DA:109,1
DA:110,1
DA:111,1
DA:112,1
DA:113,1
DA:114,1
DA:115,1
DA:117,1
DA:118,1
LF:86
LH:86
end_of_record
TN:test
SF:/Users/nightpro/C2_s21_stringplus-0/src/tests/strtok_test.c
FN:3,strtok_1_fn
FNDA:1,strtok_1_fn
FN:18,strtok_2_fn
FNDA:1,strtok_2_fn
FN:34,strtok_3_fn
FNDA:1,strtok_3_fn
FN:49,strtok_correct_token_string_fn
FNDA:1,strtok_correct_token_string_fn
FN:70,strtok_hard_token_string_fn
FNDA:1,strtok_hard_token_string_fn
FN:91,strtok_unary_delimiters_fn
FNDA:1,strtok_unary_delimiters_fn
FN:112,strtok_no_delims_fn
FNDA:1,strtok_no_delims_fn
FN:133,strtok_only_delims_fn
FNDA:1,strtok_only_delims_fn
FN:144,strtok_too_many_uses_non_segfault_fn
FNDA:1,strtok_too_many_uses_non_segfault_fn
FN:167,strtok_even_n_of_delims_fn
FNDA:1,strtok_even_n_of_delims_fn
FN:188,strtok_odd_n_of_delims_fn
FNDA:1,strtok_odd_n_of_delims_fn
FN:209,strtok_mixed_n_of_delims_fn
FNDA:1,strtok_mixed_n_of_delims_fn
FN:230,strtok_hard_mixed_fn
FNDA:1,strtok_hard_mixed_fn
FN:251,strtok_mixed_hard_incorrect_fn
FNDA:1,strtok_mixed_hard_incorrect_fn
FN:272,strtok_very_hard_mixed_fn
FNDA:1,strtok_very_hard_mixed_fn
FN:294,suite_strtok
FNDA:1,suite_strtok
FNF:16
FNH:16
DA:3,1
DA:4,1
DA:5,1
DA:6,1
DA:8,1
DA:9,1
DA:10,5
DA:11,4
DA:12,4
DA:13,4
DA:15,1
DA:18,1
DA:19,1
DA:20,1
DA:21,1
DA:24,1
DA:25,1
DA:26,6
DA:27,5
DA:28,5
DA:29,5
DA:31,1
DA:34,1
DA:35,1
DA:36,1
DA:37,1
DA:39,1
DA:40,1
DA:41,6
DA:42,5
DA:43,5
DA:44,5
DA:46,1
DA:49,1
DA:50,1
DA:51,1
DA:52,1
DA:53,1
DA:54,1
DA:55,1
DA:56,1
DA:57,5
DA:58,4
DA:59,4
DA:60,4
DA:61,3
DA:63,1
DA:64,1
DA:67,1
DA:70,1
DA:71,1
DA:72,1
DA:73,1
DA:74,1
DA:75,1
DA:76,1
DA:77,1
DA:78,6
DA:79,5
DA:80,5
DA:81,5
DA:82,4
DA:84,1
DA:85,1
DA:88,1
DA:91,1
DA:92,1
DA:93,1
DA:94,1
DA:95,1
DA:96,1
DA:97,1
DA:98,1
DA:99,6
DA:100,5
DA:101,5
DA:102,5
DA:103,4
DA:105,1
DA:106,1
DA:109,1
DA:112,1
DA:113,1
DA:114,1
DA:115,1
DA:116,1
DA:117,1
DA:118,1
DA:119,1
DA:120,2
DA:121,1
DA:122,1
DA:123,1
DA:124,0
DA:126,1
DA:127,1
DA:130,1
DA:133,1
DA:134,1
DA:135,1
DA:136,1
DA:137,1
DA:138,1
DA:139,1
DA:140,1
DA:141,1
DA:144,1
DA:145,1
DA:146,1
DA:147,1
DA:148,1
DA:149,1
DA:150,1
DA:151,1
DA:152,1
DA:153,6
DA:154,5
DA:155,5
DA:156,5
DA:157,5
DA:158,2
DA:160,3
DA:161,3
DA:164,1
DA:167,1
DA:168,1
DA:169,1
DA:170,1
DA:171,1
DA:172,1
DA:173,1
DA:174,1
DA:175,6
DA:176,5
DA:177,5
DA:178,5
DA:179,4
DA:181,1
DA:182,1
DA:185,1
DA:188,1
DA:189,1
DA:190,1
DA:191,1
DA:192,1
DA:193,1
DA:194,1
DA:195,1
DA:196,4
DA:197,3
DA:198,3
DA:199,3
DA:200,2
DA:202,1
DA:203,1
DA:206,1
DA:209,1
DA:210,1
DA:211,1
DA:212,1
DA:213,1
DA:214,1
DA:215,1
DA:216,1
DA:217,5
DA:218,4
DA:219,4
DA:220,4
DA:221,3
DA:223,1
DA:224,1
DA:227,1
DA:230,1
DA:231,1
DA:232,1
DA:233,1
DA:234,1
DA:235,1
DA:236,1
DA:237,1
DA:238,5
DA:239,4
DA:240,4
DA:241,4
DA:242,3
DA:244,1
DA:245,1
DA:248,1
DA:251,1
DA:252,1
DA:253,1
DA:254,1
DA:255,1
DA:256,1
DA:257,1
DA:258,1
DA:259,8
DA:260,7
DA:261,7
DA:262,7
DA:263,6
DA:265,1
DA:266,1
DA:269,1
DA:272,1
DA:273,1
DA:274,1
DA:275,1
DA:276,1
DA:277,1
DA:278,1
DA:279,1
DA:280,8
DA:281,7
DA:282,7
DA:283,7
DA:284,6
DA:285,6
DA:287,1
DA:288,1
DA:291,1
DA:294,1
DA:295,1
DA:296,1
DA:297,1
DA:298,1
DA:299,1
DA:300,1
DA:301,1
DA:302,1
DA:303,1
DA:304,1
DA:305,1
DA:306,1
DA:307,1
DA:308,1
DA:309,1
DA:310,1
DA:311,1
DA:313,1
DA:314,1
LF:241
LH:240
end_of_record
TN:test
SF:/Users/nightpro/C2_s21_stringplus-0/src/tests/to_lower_test.c
FN:3,to_lower_1_fn
FNDA:1,to_lower_1_fn
FN:11,to_lower_2_fn
FNDA:1,to_lower_2_fn
FN:19,to_lower_test1_fn
FNDA:1,to_lower_test1_fn
FN:28,to_lower_test2_fn
FNDA:1,to_lower_test2_fn
FN:37,to_lower_test3_fn
FNDA:1,to_lower_test3_fn
FN:46,to_lower_test4_fn
FNDA:1,to_lower_test4_fn
FN:55,to_lower_test5_fn
FNDA:1,to_lower_test5_fn
FN:64,suite_to_lower
FNDA:1,suite_to_lower
FNF:8
FNH:8
DA:3,1
DA:4,1
DA:5,1
DA:6,1
DA:7,1
DA:8,1
DA:11,1
DA:12,1
DA:13,1
DA:14,1
DA:15,1
DA:16,1
DA:19,1
DA:20,1
DA:21,1
DA:22,1
DA:23,1
DA:24,1
DA:25,1
DA:28,1
DA:29,1
DA:30,1
DA:31,1
DA:32,1
DA:33,1
DA:34,1
DA:37,1
DA:38,1
DA:39,1
DA:40,1
DA:41,1
DA:42,1
DA:43,1
DA:46,1
DA:47,1
DA:48,1
DA:49,1
DA:50,1
DA:51,1
DA:52,1
DA:55,1
DA:56,1
DA:57,1
DA:58,1
DA:59,1
DA:60,1
DA:61,1
DA:64,1
DA:65,1
DA:66,1
DA:67,1
DA:68,1
DA:69,1
DA:70,1
DA:71,1
DA:72,1
DA:73,1
DA:75,1
DA:76,1
LF:59
LH:59
end_of_record
TN:test
SF:/Users/nightpro/C2_s21_stringplus-0/src/tests/to_upper_test.c
FN:3,to_upper_1_fn
FNDA:1,to_upper_1_fn
FN:11,to_upper_2_fn
FNDA:1,to_upper_2_fn
FN:18,to_upper_test1_fn
FNDA:1,to_upper_test1_fn
FN:27,to_upper_test2_fn
FNDA:1,to_upper_test2_fn
FN:36,to_upper_test3_fn
FNDA:1,to_upper_test3_fn
FN:45,to_upper_test4_fn
FNDA:1,to_upper_test4_fn
FN:54,to_upper_test5_fn
FNDA:1,to_upper_test5_fn
FN:63,suite_to_upper
FNDA:1,suite_to_upper
FNF:8
FNH:8
DA:3,1
DA:4,1
DA:5,1
DA:6,1
DA:7,1
DA:8,1
DA:11,1
DA:12,1
DA:13,1
DA:14,1
DA:15,1
DA:16,1
DA:18,1
DA:19,1
DA:20,1
DA:21,1
DA:22,1
DA:23,1
DA:24,1
DA:27,1
DA:28,1
DA:29,1
DA:30,1
DA:31,1
DA:32,1
DA:33,1
DA:36,1
DA:37,1
DA:38,1
DA:39,1
DA:40,1
DA:41,1
DA:42,1
DA:45,1
DA:46,1
DA:47,1
DA:48,1
DA:49,1
DA:50,1
DA:51,1
DA:54,1
DA:55,1
DA:56,1
DA:57,1
DA:58,1
DA:59,1
DA:60,1
DA:63,1
DA:64,1
DA:65,1
DA:66,1
DA:67,1
DA:68,1
DA:69,1
DA:70,1
DA:71,1
DA:72,1
DA:74,1
DA:75,1
LF:59
LH:59
end_of_record
TN:test
SF:/Users/nightpro/C2_s21_stringplus-0/src/tests/trim_test.c
FN:22,trim_1_fn
FNDA:1,trim_1_fn
FN:31,trim_2_fn
FNDA:1,trim_2_fn
FN:40,trim_all_empty_fn
FNDA:1,trim_all_empty_fn
FN:50,trim_str_empty_fn
FNDA:1,trim_str_empty_fn
FN:60,trim_empty_fn
FNDA:1,trim_empty_fn
FN:70,trim_and_str_eq_fn
FNDA:1,trim_and_str_eq_fn
FN:80,trim_test1_fn
FNDA:1,trim_test1_fn
FN:90,trim_test2_fn
FNDA:1,trim_test2_fn
FN:100,trim_test3_fn
FNDA:1,trim_test3_fn
FN:110,trim_test4_fn
FNDA:1,trim_test4_fn
FN:120,trim_test5_fn
FNDA:1,trim_test5_fn
FN:130,trim_empty_spaces_fn
FNDA:1,trim_empty_spaces_fn
FN:140,trim_null_ptr_trim_chars_fn
FNDA:1,trim_null_ptr_trim_chars_fn
FN:150,suite_trim
FNDA:1,suite_trim
FNF:14
FNH:14
DA:22,1
DA:23,1
DA:24,1
DA:25,1
DA:26,1
DA:27,1
DA:28,1
DA:31,1
DA:32,1
DA:33,1
DA:34,1
DA:35,1
DA:36,1
DA:37,1
DA:40,1
DA:41,1
DA:42,1
DA:43,1
DA:44,1
DA:45,1
DA:46,1
DA:47,1
DA:50,1
DA:51,1
DA:52,1
DA:53,1
DA:54,1
DA:55,1
DA:56,1
DA:57,1
DA:60,1
DA:61,1
DA:62,1
DA:63,1
DA:64,1
DA:65,1
DA:66,1
DA:67,1
DA:70,1
DA:71,1
DA:72,1
DA:73,1
DA:74,1
DA:75,1
DA:76,1
DA:77,1
DA:80,1
DA:81,1
DA:82,1
DA:83,1
DA:84,1
DA:85,1
DA:86,1
DA:87,1
DA:90,1
DA:91,1
DA:92,1
DA:93,1
DA:94,1
DA:95,1
DA:96,1
DA:97,1
DA:100,1
DA:101,1
DA:102,1
DA:103,1
DA:104,1
DA:105,1
DA:106,1
DA:107,1
DA:110,1
DA:111,1
DA:112,1
DA:113,1
DA:114,1
DA:115,1
DA:116,1
DA:117,1
DA:120,1
DA:121,1
DA:122,1
DA:123,1
DA:124,1
DA:125,1
DA:126,1
DA:127,1
DA:130,1
DA:131,1
DA:132,1
DA:133,1
DA:134,1
DA:135,1
DA:136,1
DA:137,1
DA:140,1
DA:141,1
DA:142,1
DA:143,1
DA:144,1
DA:145,1
DA:146,1
DA:147,1
DA:150,1
DA:151,1
DA:152,1
DA:153,1
DA:154,1
DA:155,1
DA:156,1
DA:157,1
DA:158,1
DA:159,1
DA:160,1
DA:161,1
DA:162,1
DA:163,1
DA:164,1
DA:165,1
DA:167,1
DA:168,1
LF:120
LH:120
end_of_record
